{
  "stats": {
    "suites": 2,
    "tests": 2,
    "passes": 1,
    "pending": 4,
    "failures": -3,
    "start": "2023-04-28T07:32:52.063Z",
    "end": "2023-04-28T07:32:52.761Z",
    "duration": 698,
    "testsRegistered": 5,
    "passPercent": 100,
    "pendingPercent": 80,
    "other": 3,
    "hasOther": true,
    "skipped": 0,
    "hasSkipped": false
  },
  "results": [
    {
      "uuid": "0526d524-717f-43d5-add4-0f7489cbf56c",
      "title": "",
      "fullFile": "cypress\\e2e\\0_archive MAIN\\api_testing_scenario.cy.js",
      "file": "cypress\\e2e\\0_archive MAIN\\api_testing_scenario.cy.js",
      "beforeHooks": [],
      "afterHooks": [],
      "tests": [],
      "suites": [
        {
          "uuid": "eee5de03-257d-4116-bf42-cdc2199d7350",
          "title": "API - basic http requests' testing",
          "fullFile": "",
          "file": "",
          "beforeHooks": [],
          "afterHooks": [],
          "tests": [
            {
              "title": "GET request",
              "fullTitle": "API - basic http requests' testing GET request",
              "timedOut": null,
              "duration": 0,
              "state": "pending",
              "speed": null,
              "pass": false,
              "fail": false,
              "pending": true,
              "context": null,
              "code": "cy.request(\"GET\", \"https://jsonplaceholder.typicode.com/posts/1\").then(res => {\n  cy.log(\"response: \", res);\n  expect(res.status).to.equal(2003);\n  expect(res.statusText).to.equal(\"dffgOK\");\n});",
              "err": {},
              "uuid": "85e36d32-30cb-4cdc-a215-e8055a6a4cd9",
              "parentUUID": "eee5de03-257d-4116-bf42-cdc2199d7350",
              "isHook": false,
              "skipped": false
            },
            {
              "title": "POST request",
              "fullTitle": "API - basic http requests' testing POST request",
              "timedOut": null,
              "duration": 0,
              "state": "pending",
              "speed": null,
              "pass": false,
              "fail": false,
              "pending": true,
              "context": null,
              "code": "cy.request(\"POST\", \"https://jsonplaceholder.typicode.com/posts\", {\n  \"userId\": 1,\n  \"id\": 1,\n  \"title\": \"my first cypress post\",\n  \"completed\": false\n}).then(res => {\n  cy.log(\"response: \", res);\n  expect(res.status).to.equal(201);\n  expect(res.statusText).to.equal(\"Created\");\n});",
              "err": {},
              "uuid": "1a62fb46-0f88-4ede-a53a-c07654689443",
              "parentUUID": "eee5de03-257d-4116-bf42-cdc2199d7350",
              "isHook": false,
              "skipped": false
            },
            {
              "title": "PUT request",
              "fullTitle": "API - basic http requests' testing PUT request",
              "timedOut": null,
              "duration": 0,
              "state": "pending",
              "speed": null,
              "pass": false,
              "fail": false,
              "pending": true,
              "context": null,
              "code": "cy.request(\"PUT\", \"https://jsonplaceholder.typicode.com/posts/1\", {\n  \"userId\": 1,\n  \"id\": 1,\n  \"title\": \"my second cypress post\",\n  \"completed\": false\n}).then(res => {\n  cy.log(\"response: \", res);\n  expect(res.status).to.equal(200);\n  expect(res.statusText).to.equal(\"OK\");\n});",
              "err": {},
              "uuid": "cd0788b6-0c57-4761-8c8a-3b88d7f801da",
              "parentUUID": "eee5de03-257d-4116-bf42-cdc2199d7350",
              "isHook": false,
              "skipped": false
            },
            {
              "title": "DELETE request",
              "fullTitle": "API - basic http requests' testing DELETE request",
              "timedOut": null,
              "duration": 0,
              "state": "pending",
              "speed": null,
              "pass": false,
              "fail": false,
              "pending": true,
              "context": null,
              "code": "cy.request(\"DELETE\", \"https://jsonplaceholder.typicode.com/posts/1\").then(res => {\n  cy.log(\"response: \", res);\n  expect(res.status).to.equal(200);\n  expect(res.statusText).to.equal(\"OK\");\n});",
              "err": {},
              "uuid": "a1bee5e6-adb8-4d02-bf75-6e50779dd101",
              "parentUUID": "eee5de03-257d-4116-bf42-cdc2199d7350",
              "isHook": false,
              "skipped": false
            }
          ],
          "suites": [],
          "passes": [],
          "failures": [],
          "pending": [
            "85e36d32-30cb-4cdc-a215-e8055a6a4cd9",
            "1a62fb46-0f88-4ede-a53a-c07654689443",
            "cd0788b6-0c57-4761-8c8a-3b88d7f801da",
            "a1bee5e6-adb8-4d02-bf75-6e50779dd101"
          ],
          "skipped": [],
          "duration": 0,
          "root": false,
          "rootEmpty": false,
          "_timeout": 2000
        },
        {
          "uuid": "a0e3e7a2-5834-46a4-9def-79a772a12fdc",
          "title": "advanced API testing scenario from JoanMedia",
          "fullFile": "",
          "file": "",
          "beforeHooks": [],
          "afterHooks": [],
          "tests": [
            {
              "title": "",
              "fullTitle": "advanced API testing scenario from JoanMedia ",
              "timedOut": null,
              "duration": 554,
              "state": "passed",
              "speed": "fast",
              "pass": true,
              "fail": false,
              "pending": false,
              "context": null,
              "code": "",
              "err": {},
              "uuid": "adb756d0-e06a-49b4-9682-37572187af58",
              "parentUUID": "a0e3e7a2-5834-46a4-9def-79a772a12fdc",
              "isHook": false,
              "skipped": false
            }
          ],
          "suites": [],
          "passes": [
            "adb756d0-e06a-49b4-9682-37572187af58"
          ],
          "failures": [],
          "pending": [],
          "skipped": [],
          "duration": 554,
          "root": false,
          "rootEmpty": false,
          "_timeout": 2000
        }
      ],
      "passes": [],
      "failures": [],
      "pending": [],
      "skipped": [],
      "duration": 0,
      "root": true,
      "rootEmpty": true,
      "_timeout": 2000
    }
  ],
  "meta": {
    "mocha": {
      "version": "7.0.1"
    },
    "mochawesome": {
      "options": {
        "quiet": false,
        "reportFilename": "mochawesome",
        "saveHtml": false,
        "saveJson": true,
        "consoleReporter": "spec",
        "useInlineDiffs": false,
        "code": true
      },
      "version": "7.1.3"
    },
    "marge": {
      "options": {
        "charts": true,
        "reportPageTitle": "my title",
        "embeddedScreenshots": true,
        "inlineAssets": true,
        "saveAllAttempts": false,
        "overwrite": false,
        "html": false,
        "json": true,
        "reportDir": "cypress\\reports\\html\\.jsons"
      },
      "version": "6.2.0"
    }
  }
}