{
  "stats": {
    "suites": 6,
    "tests": 8,
    "passes": 4,
    "pending": 5,
    "failures": -1,
    "start": "2023-04-28T07:31:13.576Z",
    "end": "2023-04-28T07:32:37.131Z",
    "duration": 83555,
    "testsRegistered": 10,
    "passPercent": 80,
    "pendingPercent": 50,
    "other": 2,
    "hasOther": true,
    "skipped": 0,
    "hasSkipped": false
  },
  "results": [
    {
      "uuid": "927cb756-909a-41e6-8134-74b87508499c",
      "title": "",
      "fullFile": "cypress\\e2e\\0_archive MAIN\\alerts,prompts,iframes.cy.js",
      "file": "cypress\\e2e\\0_archive MAIN\\alerts,prompts,iframes.cy.js",
      "beforeHooks": [],
      "afterHooks": [],
      "tests": [],
      "suites": [
        {
          "uuid": "2dc074e5-4d1f-45fb-b6db-10962487ff43",
          "title": "JavaScript ALERTS & PROMPTS",
          "fullFile": "",
          "file": "",
          "beforeHooks": [],
          "afterHooks": [],
          "tests": [
            {
              "title": "regular alert with OK only",
              "fullTitle": "JavaScript ALERTS & PROMPTS regular alert with OK only",
              "timedOut": null,
              "duration": 0,
              "state": "pending",
              "speed": null,
              "pass": false,
              "fail": false,
              "pending": true,
              "context": null,
              "code": "cy.get(\"button[onclick='jsAlert()']\").click();\ncy.on(\"window:alert\", alert => {\n  expect(alert).to.contain(\"I am a JS Alert\"); // to.contain = to.contains = to.be.equal\n});\ncy.on(\"window:alert\", () => true); // to jest domyślne ustawienie, więc nie trzeba tego pisać (patrz niżej => windows:confirm with \"cancel\")\ncy.get(\"p#result\").should(\"have.text\", \"You successfully clicked an alert\");",
              "err": {},
              "uuid": "83bed23d-5281-40c3-b5ba-d3125ef774a3",
              "parentUUID": "2dc074e5-4d1f-45fb-b6db-10962487ff43",
              "isHook": false,
              "skipped": false
            },
            {
              "title": "confirmation alert (with OK $ cancel) - CLICKING OK",
              "fullTitle": "JavaScript ALERTS & PROMPTS confirmation alert (with OK $ cancel) - CLICKING OK",
              "timedOut": null,
              "duration": 4193,
              "state": "passed",
              "speed": "fast",
              "pass": true,
              "fail": false,
              "pending": false,
              "context": null,
              "code": "cy.get(\"button[onclick='jsConfirm()']\").click();\ncy.on(\"window:confirm\", alert => {\n  expect(alert).to.contain(\"I am a JS Confirm\");\n});\ncy.on(\"window:confirm\", () => true); // to jest domyślne ustawienie, więc nie trzeba tego pisać (patrz niżej => windows:confirm with \"cancel\")\ncy.get(\"p#result\").should(\"have.text\", \"You clicked: Ok\");",
              "err": {},
              "uuid": "2230826f-5d54-4cc8-af5f-8e51b2340f89",
              "parentUUID": "2dc074e5-4d1f-45fb-b6db-10962487ff43",
              "isHook": false,
              "skipped": false
            },
            {
              "title": "confirmation alert (with OK $ cancel) - CLICKING CANCEL",
              "fullTitle": "JavaScript ALERTS & PROMPTS confirmation alert (with OK $ cancel) - CLICKING CANCEL",
              "timedOut": null,
              "duration": 678,
              "state": "passed",
              "speed": "fast",
              "pass": true,
              "fail": false,
              "pending": false,
              "context": null,
              "code": "cy.get(\"button[onclick='jsConfirm()']\").click();\ncy.on(\"window:confirm\", alert => {\n  expect(alert).to.contain(\"I am a JS Confirm\");\n});\ncy.on(\"window:confirm\", () => false); // domyślnie jest TRUE, ale w tym przypadku chcemy, żeby było FALSE (żeby Cypress zamknął prompta cancelem), więć zapis ten jest już konieczny\ncy.get(\"p#result\").should(\"have.text\", \"You clicked: Cancel\");",
              "err": {},
              "uuid": "ed1c89af-c4b5-47d0-87bb-e9484a39055a",
              "parentUUID": "2dc074e5-4d1f-45fb-b6db-10962487ff43",
              "isHook": false,
              "skipped": false
            },
            {
              "title": "a prompt",
              "fullTitle": "JavaScript ALERTS & PROMPTS a prompt",
              "timedOut": null,
              "duration": 640,
              "state": "passed",
              "speed": "fast",
              "pass": true,
              "fail": false,
              "pending": false,
              "context": null,
              "code": "cy.window().then(win => {\n  // stub invokes a single method on a yielded element\n  // so it invokes window.prompt in our example\n  cy.stub(win, \"prompt\").returns(\"That's complicated :)\");\n});\ncy.get(\"button[onclick='jsPrompt()']\").click();\ncy.get(\"#result\").should(\"have.text\", \"You entered: That's complicated :)\");",
              "err": {},
              "uuid": "08099251-32f5-43cc-bb1e-017c2b5dff2f",
              "parentUUID": "2dc074e5-4d1f-45fb-b6db-10962487ff43",
              "isHook": false,
              "skipped": false
            }
          ],
          "suites": [],
          "passes": [
            "2230826f-5d54-4cc8-af5f-8e51b2340f89",
            "ed1c89af-c4b5-47d0-87bb-e9484a39055a",
            "08099251-32f5-43cc-bb1e-017c2b5dff2f"
          ],
          "failures": [],
          "pending": [
            "83bed23d-5281-40c3-b5ba-d3125ef774a3"
          ],
          "skipped": [],
          "duration": 5511,
          "root": false,
          "rootEmpty": false,
          "_timeout": 2000
        },
        {
          "uuid": "91e33fa4-778d-482d-a005-5b0df5ca57ea",
          "title": "authenticated alert",
          "fullFile": "",
          "file": "",
          "beforeHooks": [],
          "afterHooks": [],
          "tests": [
            {
              "title": "should interact with an authenticated alert - method 1 (with JSON)",
              "fullTitle": "authenticated alert should interact with an authenticated alert - method 1 (with JSON)",
              "timedOut": null,
              "duration": 0,
              "state": "pending",
              "speed": null,
              "pass": false,
              "fail": false,
              "pending": true,
              "context": null,
              "code": "cy.visit(\"https://the-internet.herokuapp.com/basic_auth\", {\n  auth: {\n    username: \"admin\",\n    password: \"admin\"\n  }\n});\ncy.get(\"div[class='example'] p\").should(\"have.contain\", \"Congratulations\");",
              "err": {},
              "uuid": "bac71c44-d0eb-4582-aa3f-611c893b2ffe",
              "parentUUID": "91e33fa4-778d-482d-a005-5b0df5ca57ea",
              "isHook": false,
              "skipped": false
            },
            {
              "title": "should interact with an authenticated alert - method 2 (URL injection)",
              "fullTitle": "authenticated alert should interact with an authenticated alert - method 2 (URL injection)",
              "timedOut": null,
              "duration": 0,
              "state": "pending",
              "speed": null,
              "pass": false,
              "fail": false,
              "pending": true,
              "context": null,
              "code": "cy.visit(\"https://admin:admin@the-internet.herokuapp.com/basic_auth\");\ncy.get(\"div[class='example'] p\").should(\"have.contain\", \"Congratulations\");",
              "err": {},
              "uuid": "313e7098-b002-4fd7-bb08-5adc600165bc",
              "parentUUID": "91e33fa4-778d-482d-a005-5b0df5ca57ea",
              "isHook": false,
              "skipped": false
            }
          ],
          "suites": [],
          "passes": [],
          "failures": [],
          "pending": [
            "bac71c44-d0eb-4582-aa3f-611c893b2ffe",
            "313e7098-b002-4fd7-bb08-5adc600165bc"
          ],
          "skipped": [],
          "duration": 0,
          "root": false,
          "rootEmpty": false,
          "_timeout": 2000
        },
        {
          "uuid": "b95b3bca-0d01-4c4a-a7bb-98e6d139dfc2",
          "title": "iframes - parent iframe & child iframe (with Joan Media)",
          "fullFile": "",
          "file": "",
          "beforeHooks": [],
          "afterHooks": [],
          "tests": [
            {
              "title": "iframes",
              "fullTitle": "iframes - parent iframe & child iframe (with Joan Media) iframes",
              "timedOut": null,
              "duration": 0,
              "state": "pending",
              "speed": null,
              "pass": false,
              "fail": false,
              "pending": true,
              "context": null,
              "code": "cy.get(\"#frame1\").then(function ($iframe) {\n  const $body = $iframe.contents().find(\"body\");\n  cy.wrap($body).should(\"have.text\", \"Parent frame\");\n  cy.wrap($body).find(\"iframe\").then(function ($childIframe) {\n    const $childBody = $childIframe.contents().find(\"body\");\n    cy.wrap($childBody).find(\"p\").should(\"have.text\", \"Child Iframe\");\n  });\n});",
              "err": {},
              "uuid": "a75e2fc2-f9a6-478a-913b-3dcc41612077",
              "parentUUID": "b95b3bca-0d01-4c4a-a7bb-98e6d139dfc2",
              "isHook": false,
              "skipped": false
            }
          ],
          "suites": [],
          "passes": [],
          "failures": [],
          "pending": [
            "a75e2fc2-f9a6-478a-913b-3dcc41612077"
          ],
          "skipped": [],
          "duration": 0,
          "root": false,
          "rootEmpty": false,
          "_timeout": 2000
        },
        {
          "uuid": "fc1622cc-1452-4f98-8666-da7c0bb6cd70",
          "title": "iframes - typing into iframe (with Joan Media)",
          "fullFile": "",
          "file": "",
          "beforeHooks": [],
          "afterHooks": [],
          "tests": [
            {
              "title": "iframes",
              "fullTitle": "iframes - typing into iframe (with Joan Media) iframes",
              "timedOut": null,
              "duration": 14697,
              "state": "passed",
              "speed": "slow",
              "pass": true,
              "fail": false,
              "pending": false,
              "context": null,
              "code": "cy.get(\"#mce_0_ifr\").then($iframe => {\n  const $body = $iframe.contents().find(\"body\");\n  cy.wrap($body).find(\"p\").type(\"{ctrl+a}{del}Hello World!\"); // {ctrl+a} = {selectAll}\n});\ncy.get(\"#mce_0_ifr\").then($iframe => {\n  const $body = $iframe.contents().find(\"body\");\n  cy.wrap($body).find(\"p\").should(\"have.text\", \"Hello World!\");\n});",
              "err": {},
              "uuid": "56bab80a-051a-4ce7-8163-33e57e6564a9",
              "parentUUID": "fc1622cc-1452-4f98-8666-da7c0bb6cd70",
              "isHook": false,
              "skipped": false
            }
          ],
          "suites": [],
          "passes": [
            "56bab80a-051a-4ce7-8163-33e57e6564a9"
          ],
          "failures": [],
          "pending": [],
          "skipped": [],
          "duration": 14697,
          "root": false,
          "rootEmpty": false,
          "_timeout": 2000
        },
        {
          "uuid": "6dfb1813-8daf-435c-84b0-c8ce604ff1dc",
          "title": "handling iFrames with plugin: SDET 2022",
          "fullFile": "",
          "file": "",
          "beforeHooks": [],
          "afterHooks": [],
          "tests": [
            {
              "title": "iframe plugin SDET",
              "fullTitle": "handling iFrames with plugin: SDET 2022 iframe plugin SDET",
              "timedOut": null,
              "duration": 0,
              "state": "pending",
              "speed": null,
              "pass": false,
              "fail": false,
              "pending": true,
              "context": null,
              "code": "cy.visit(\"https://the-internet.herokuapp.com/iframe\");\n// cypress-iframe plugin command to load an iframe\ncy.frameLoaded(\"iframe#mce_0_ifr\");\n// cypress-iframe plugin command to interact with the iframe\ncy.iframe(\"iframe#mce_0_ifr\").clear().type(\"Approach 2 {ctrl+a}\");\ncy.get(\"[aria-label='Bold']\").click();",
              "err": {},
              "uuid": "4b78ad0f-c1b2-4cb7-ac38-75669d69fbe5",
              "parentUUID": "6dfb1813-8daf-435c-84b0-c8ce604ff1dc",
              "isHook": false,
              "skipped": false
            }
          ],
          "suites": [],
          "passes": [],
          "failures": [],
          "pending": [
            "4b78ad0f-c1b2-4cb7-ac38-75669d69fbe5"
          ],
          "skipped": [],
          "duration": 0,
          "root": false,
          "rootEmpty": false,
          "_timeout": 2000
        },
        {
          "uuid": "943675dd-ee0a-4a0f-b851-94de4e8024d1",
          "title": "handling iFrames with plugin: SQA Rahul Shetty",
          "fullFile": "",
          "file": "",
          "beforeHooks": [],
          "afterHooks": [],
          "tests": [
            {
              "title": "iframe plugin SQA",
              "fullTitle": "handling iFrames with plugin: SQA Rahul Shetty iframe plugin SQA",
              "timedOut": null,
              "duration": 12438,
              "state": "failed",
              "speed": null,
              "pass": false,
              "fail": true,
              "pending": false,
              "context": "{\n  \"title\": \"cypress-mochawesome-reporter-screenshots\",\n  \"value\": [\n    [\n      {\n        \"title\": \"Failed screenshot\",\n        \"value\": \"\\\\0_archive MAIN\\\\alerts,prompts,iframes.cy.js\\\\handling iFrames with plugin SQA Rahul Shetty -- iframe plugin SQA (failed).png\"\n      }\n    ],\n    [\n      {\n        \"title\": \"Failed screenshot\",\n        \"value\": \"\\\\0_archive MAIN\\\\alerts,prompts,iframes.cy.js\\\\handling iFrames with plugin SQA Rahul Shetty -- iframe plugin SQA (failed) (attempt 2).png\"\n      }\n    ],\n    [\n      {\n        \"title\": \"Failed screenshot\",\n        \"value\": \"\\\\0_archive MAIN\\\\alerts,prompts,iframes.cy.js\\\\handling iFrames with plugin SQA Rahul Shetty -- iframe plugin SQA (failed) (attempt 3).png\"\n      }\n    ]\n  ]\n}",
              "code": "cy.visit(\"https://rahulshettyacademy.com/AutomationPractice/\");\n// cypress-iframe plugin command to load an iframe into cy object\n// to tell cy what it should focus on\ncy.frameLoaded(\"iframe#courses-iframe\");\n// cypress-iframe plugin command to interact with the iframe\ncy.iframe().contains(\"a\", \"Mentorship\").last().click({\n  force: true\n});\ncy.iframe().find(\"div.inner-box h1\").should(\"be.visible\");",
              "err": {
                "message": "CypressError: Timed out retrying after 5000ms: `cy.find()` failed because the page updated as a result of this command, but you tried to continue the command chain. The subject is no longer attached to the DOM, and Cypress cannot requery the page after commands such as `cy.find()`.\n\nCommon situations why this happens:\n  - Your JS framework re-rendered asynchronously\n  - Your app code reacted to an event firing and removed the element\n\nYou can typically solve this by breaking up a chain. For example, rewrite:\n\n> `cy.get('button').click().should('have.class', 'active')`\n\nto\n\n> `cy.get('button').as('btn').click()`\n> `cy.get('@btn').should('have.class', 'active')`\n\nhttps://on.cypress.io/element-has-detached-from-dom",
                "estack": "CypressError: Timed out retrying after 5000ms: `cy.find()` failed because the page updated as a result of this command, but you tried to continue the command chain. The subject is no longer attached to the DOM, and Cypress cannot requery the page after commands such as `cy.find()`.\n\nCommon situations why this happens:\n  - Your JS framework re-rendered asynchronously\n  - Your app code reacted to an event firing and removed the element\n\nYou can typically solve this by breaking up a chain. For example, rewrite:\n\n> `cy.get('button').click().should('have.class', 'active')`\n\nto\n\n> `cy.get('button').as('btn').click()`\n> `cy.get('@btn').should('have.class', 'active')`\n\nhttps://on.cypress.io/element-has-detached-from-dom\n    at isAttached (https://rahulshettyacademy.com/__cypress/runner/cypress_runner.js:151982:66)\n    at validateType (https://rahulshettyacademy.com/__cypress/runner/cypress_runner.js:151852:9)\n    at Object.isType (https://rahulshettyacademy.com/__cypress/runner/cypress_runner.js:151887:7)\n    at <unknown> (https://rahulshettyacademy.com/__cypress/runner/cypress_runner.js:141678:24)\n    at Object.subjectFn (https://rahulshettyacademy.com/__cypress/runner/cypress_runner.js:149861:16)\n    at $Cy.verifyUpcomingAssertions (https://rahulshettyacademy.com/__cypress/runner/cypress_runner.js:131091:31)\n    at onRetry (https://rahulshettyacademy.com/__cypress/runner/cypress_runner.js:149852:15)\n    at tryCatcher (https://rahulshettyacademy.com/__cypress/runner/cypress_runner.js:8914:23)\n    at Promise.attempt.Promise.try (https://rahulshettyacademy.com/__cypress/runner/cypress_runner.js:6188:29)\n    at whenStable (https://rahulshettyacademy.com/__cypress/runner/cypress_runner.js:146742:65)\n    at <unknown> (https://rahulshettyacademy.com/__cypress/runner/cypress_runner.js:146183:14)\n    at tryCatcher (https://rahulshettyacademy.com/__cypress/runner/cypress_runner.js:8914:23)\n    at Promise._settlePromiseFromHandler (https://rahulshettyacademy.com/__cypress/runner/cypress_runner.js:6849:31)\n    at Promise._settlePromise (https://rahulshettyacademy.com/__cypress/runner/cypress_runner.js:6906:18)\n    at Promise._settlePromise0 (https://rahulshettyacademy.com/__cypress/runner/cypress_runner.js:6951:10)\n    at Promise._settlePromises (https://rahulshettyacademy.com/__cypress/runner/cypress_runner.js:7031:18)\n    at Promise._fulfill (https://rahulshettyacademy.com/__cypress/runner/cypress_runner.js:6975:18)\n    at <unknown> (https://rahulshettyacademy.com/__cypress/runner/cypress_runner.js:8589:46)\nFrom Your Spec Code:\n    at Context.eval (webpack:///./cypress/e2e/0_archive MAIN/alerts,prompts,iframes.cy.js:167:45)",
                "diff": null
              },
              "uuid": "a5146f00-0a8d-41b0-b637-460fd1c40379",
              "parentUUID": "943675dd-ee0a-4a0f-b851-94de4e8024d1",
              "isHook": false,
              "skipped": false
            }
          ],
          "suites": [],
          "passes": [],
          "failures": [
            "a5146f00-0a8d-41b0-b637-460fd1c40379"
          ],
          "pending": [],
          "skipped": [],
          "duration": 12438,
          "root": false,
          "rootEmpty": false,
          "_timeout": 2000
        }
      ],
      "passes": [],
      "failures": [],
      "pending": [],
      "skipped": [],
      "duration": 0,
      "root": true,
      "rootEmpty": true,
      "_timeout": 2000
    }
  ],
  "meta": {
    "mocha": {
      "version": "7.0.1"
    },
    "mochawesome": {
      "options": {
        "quiet": false,
        "reportFilename": "mochawesome",
        "saveHtml": false,
        "saveJson": true,
        "consoleReporter": "spec",
        "useInlineDiffs": false,
        "code": true
      },
      "version": "7.1.3"
    },
    "marge": {
      "options": {
        "charts": true,
        "reportPageTitle": "my title",
        "embeddedScreenshots": true,
        "inlineAssets": true,
        "saveAllAttempts": false,
        "overwrite": false,
        "html": false,
        "json": true,
        "reportDir": "cypress\\reports\\html\\.jsons"
      },
      "version": "6.2.0"
    }
  }
}