{
  "stats": {
    "suites": 4,
    "tests": 5,
    "passes": 1,
    "pending": 3,
    "failures": 1,
    "start": "2023-04-28T07:35:08.480Z",
    "end": "2023-04-28T07:36:40.491Z",
    "duration": 92011,
    "testsRegistered": 6,
    "passPercent": 33.33333333333333,
    "pendingPercent": 50,
    "other": 1,
    "hasOther": true,
    "skipped": 0,
    "hasSkipped": false
  },
  "results": [
    {
      "uuid": "438f8c6b-fcb4-483e-80e6-dbcdf8b4b51e",
      "title": "",
      "fullFile": "cypress\\e2e\\0_archive MAIN\\child_tabs,broken_images.cy.js",
      "file": "cypress\\e2e\\0_archive MAIN\\child_tabs,broken_images.cy.js",
      "beforeHooks": [],
      "afterHooks": [],
      "tests": [],
      "suites": [
        {
          "uuid": "82e61236-aebd-45be-9e0c-e01eab5e7ac0",
          "title": "child tabs - approach 1 (removing target attribute)",
          "fullFile": "",
          "file": "",
          "beforeHooks": [],
          "afterHooks": [],
          "tests": [
            {
              "title": "should have href & target attributes with proper values",
              "fullTitle": "child tabs - approach 1 (removing target attribute) should have href & target attributes with proper values",
              "timedOut": null,
              "duration": 0,
              "state": "pending",
              "speed": null,
              "pass": false,
              "fail": false,
              "pending": true,
              "context": null,
              "code": "// upewniamy się, że link a ma atrybut href i przede wszystkim target:_blank\ncy.get(\"a\").contains(\"Home\").should(\"have.attr\", \"href\", \"https://demoqa.com\");\ncy.get(\"a\").contains(\"Home\").should(\"have.attr\", \"target\", \"_blank\");",
              "err": {},
              "uuid": "755da399-e48b-4ea0-8316-2f6416fc90ca",
              "parentUUID": "82e61236-aebd-45be-9e0c-e01eab5e7ac0",
              "isHook": false,
              "skipped": false
            },
            {
              "title": "approach 1 - should remove the 'target' attribute",
              "fullTitle": "child tabs - approach 1 (removing target attribute) approach 1 - should remove the 'target' attribute",
              "timedOut": null,
              "duration": 0,
              "state": "pending",
              "speed": null,
              "pass": false,
              "fail": false,
              "pending": true,
              "context": null,
              "code": "cy.get(\"a\").contains(\"Home\").invoke(\"removeAttr\", \"target\").click();\ncy.url().should(\"eq\", \"https://demoqa.com/\"); // assertion 1a\ncy.url().then(url => {\n  expect(url).to.eql(\"https://demoqa.com/\"); // assertion 1b\n});\ncy.get(\"div.card-up\").should(\"be.visible\").and(\"have.length\", 6); // assertion 2\ncy.go(\"back\"); // cy.go(\"forward\"), cy.go(-1), cy.go(1) // goes back to the initial tab",
              "err": {},
              "uuid": "4beeff05-069c-443b-abe9-c36dc39105fb",
              "parentUUID": "82e61236-aebd-45be-9e0c-e01eab5e7ac0",
              "isHook": false,
              "skipped": false
            }
          ],
          "suites": [],
          "passes": [],
          "failures": [],
          "pending": [
            "755da399-e48b-4ea0-8316-2f6416fc90ca",
            "4beeff05-069c-443b-abe9-c36dc39105fb"
          ],
          "skipped": [],
          "duration": 0,
          "root": false,
          "rootEmpty": false,
          "_timeout": 2000
        },
        {
          "uuid": "9ad567f2-9f01-41bc-abc4-77689c881306",
          "title": "child tabs - approach 2 (capturing the 'href' attribute)",
          "fullFile": "",
          "file": "",
          "beforeHooks": [],
          "afterHooks": [],
          "tests": [
            {
              "title": "handles child windows",
              "fullTitle": "child tabs - approach 2 (capturing the 'href' attribute) handles child windows",
              "timedOut": null,
              "duration": 16660,
              "state": "passed",
              "speed": "slow",
              "pass": true,
              "fail": false,
              "pending": false,
              "context": null,
              "code": "cy.visit(\"https://rahulshettyacademy.com/AutomationPractice\");\ncy.get(\"a#opentab\").then(attr => {\n  let url = attr.prop(\"href\");\n  cy.log(url);\n  cy.visit(url);\n});",
              "err": {},
              "uuid": "f3517d57-83ad-4835-b5cc-569535efc2d3",
              "parentUUID": "9ad567f2-9f01-41bc-abc4-77689c881306",
              "isHook": false,
              "skipped": false
            }
          ],
          "suites": [],
          "passes": [
            "f3517d57-83ad-4835-b5cc-569535efc2d3"
          ],
          "failures": [],
          "pending": [],
          "skipped": [],
          "duration": 16660,
          "root": false,
          "rootEmpty": false,
          "_timeout": 2000
        },
        {
          "uuid": "57931b9f-3013-4504-b9a5-d32c3af3953c",
          "title": "handling child windows",
          "fullFile": "",
          "file": "",
          "beforeHooks": [],
          "afterHooks": [],
          "tests": [
            {
              "title": "handles child windows",
              "fullTitle": "handling child windows handles child windows",
              "timedOut": null,
              "duration": 0,
              "state": "pending",
              "speed": null,
              "pass": false,
              "fail": false,
              "pending": true,
              "context": null,
              "code": "cy.visit(\"https://rahulshettyacademy.com/AutomationPractice\");\ncy.get(\"a#opentab\").then(attr => {\n  let url = attr.prop(\"href\");\n  cy.log(url);\n  cy.visit(url);\n});",
              "err": {},
              "uuid": "584f248f-5aca-4164-b3a8-c77c2510fa7b",
              "parentUUID": "57931b9f-3013-4504-b9a5-d32c3af3953c",
              "isHook": false,
              "skipped": false
            }
          ],
          "suites": [],
          "passes": [],
          "failures": [],
          "pending": [
            "584f248f-5aca-4164-b3a8-c77c2510fa7b"
          ],
          "skipped": [],
          "duration": 0,
          "root": false,
          "rootEmpty": false,
          "_timeout": 2000
        },
        {
          "uuid": "5a288c23-3d93-4d7e-b71c-ca5a0dca4ea0",
          "title": "Broken images",
          "fullFile": "",
          "file": "",
          "beforeHooks": [],
          "afterHooks": [],
          "tests": [
            {
              "title": "image NOT broken - assertion",
              "fullTitle": "Broken images image NOT broken - assertion",
              "timedOut": null,
              "duration": 9076,
              "state": "failed",
              "speed": null,
              "pass": false,
              "fail": true,
              "pending": false,
              "context": "{\n  \"title\": \"cypress-mochawesome-reporter-screenshots\",\n  \"value\": [\n    [\n      {\n        \"title\": \"Failed screenshot\",\n        \"value\": \"\\\\0_archive MAIN\\\\child_tabs,broken_images.cy.js\\\\Broken images -- image NOT broken - assertion (failed).png\"\n      }\n    ],\n    [\n      {\n        \"title\": \"Failed screenshot\",\n        \"value\": \"\\\\0_archive MAIN\\\\child_tabs,broken_images.cy.js\\\\Broken images -- image NOT broken - assertion (failed) (attempt 2).png\"\n      }\n    ],\n    [\n      {\n        \"title\": \"Failed screenshot\",\n        \"value\": \"\\\\0_archive MAIN\\\\child_tabs,broken_images.cy.js\\\\Broken images -- image NOT broken - assertion (failed) (attempt 3).png\"\n      }\n    ]\n  ]\n}",
              "code": "cy.get(\"div > img[src='/images/Toolsqa.jpg']\").should(\"be.visible\").and($img => {\n  // SHOULD + AND => expect assertions only, no cy.*() commands\n  expect($img[0].naturalWidth).to.be.greaterThan(0);\n});",
              "err": {
                "message": "AssertionError: Timed out retrying after 5000ms: Expected to find element: `div > img[src='/images/Toolsqa.jpg']`, but never found it.",
                "estack": "AssertionError: Timed out retrying after 5000ms: Expected to find element: `div > img[src='/images/Toolsqa.jpg']`, but never found it.\n    at Context.eval (webpack:///./cypress/e2e/0_archive MAIN/child_tabs,broken_images.cy.js:86:13)",
                "diff": null
              },
              "uuid": "31f0ec24-2820-42e0-8270-ffb3c7366456",
              "parentUUID": "5a288c23-3d93-4d7e-b71c-ca5a0dca4ea0",
              "isHook": false,
              "skipped": false
            },
            {
              "title": "image broken - assertion",
              "fullTitle": "Broken images image broken - assertion",
              "timedOut": null,
              "duration": 9006,
              "state": "failed",
              "speed": null,
              "pass": false,
              "fail": true,
              "pending": false,
              "context": "{\n  \"title\": \"cypress-mochawesome-reporter-screenshots\",\n  \"value\": [\n    [\n      {\n        \"title\": \"Failed screenshot\",\n        \"value\": \"\\\\0_archive MAIN\\\\child_tabs,broken_images.cy.js\\\\Broken images -- image broken - assertion (failed).png\"\n      }\n    ],\n    [\n      {\n        \"title\": \"Failed screenshot\",\n        \"value\": \"\\\\0_archive MAIN\\\\child_tabs,broken_images.cy.js\\\\Broken images -- image broken - assertion (failed) (attempt 2).png\"\n      }\n    ],\n    [\n      {\n        \"title\": \"Failed screenshot\",\n        \"value\": \"\\\\0_archive MAIN\\\\child_tabs,broken_images.cy.js\\\\Broken images -- image broken - assertion (failed) (attempt 3).png\"\n      }\n    ]\n  ]\n}",
              "code": "cy.get(\"div > img[src='/images/Toolsqa_1.jpg']\").should(\"be.visible\").then($img => {\n  // THEN => there can be cy.*() commands involved\n  cy.log(\"Yielded image: \", $img);\n  expect($img[0].naturalWidth).to.be.greaterThan(0);\n});",
              "err": {
                "message": "AssertionError: Timed out retrying after 5000ms: Expected to find element: `div > img[src='/images/Toolsqa_1.jpg']`, but never found it.",
                "estack": "AssertionError: Timed out retrying after 5000ms: Expected to find element: `div > img[src='/images/Toolsqa_1.jpg']`, but never found it.\n    at Context.eval (webpack:///./cypress/e2e/0_archive MAIN/child_tabs,broken_images.cy.js:96:13)",
                "diff": null
              },
              "uuid": "678c2684-352d-4d7e-ab50-517914356260",
              "parentUUID": "5a288c23-3d93-4d7e-b71c-ca5a0dca4ea0",
              "isHook": false,
              "skipped": false
            }
          ],
          "suites": [],
          "passes": [],
          "failures": [
            "31f0ec24-2820-42e0-8270-ffb3c7366456",
            "678c2684-352d-4d7e-ab50-517914356260"
          ],
          "pending": [],
          "skipped": [],
          "duration": 18082,
          "root": false,
          "rootEmpty": false,
          "_timeout": 2000
        }
      ],
      "passes": [],
      "failures": [],
      "pending": [],
      "skipped": [],
      "duration": 0,
      "root": true,
      "rootEmpty": true,
      "_timeout": 2000
    }
  ],
  "meta": {
    "mocha": {
      "version": "7.0.1"
    },
    "mochawesome": {
      "options": {
        "quiet": false,
        "reportFilename": "mochawesome",
        "saveHtml": false,
        "saveJson": true,
        "consoleReporter": "spec",
        "useInlineDiffs": false,
        "code": true
      },
      "version": "7.1.3"
    },
    "marge": {
      "options": {
        "charts": true,
        "reportPageTitle": "my title",
        "embeddedScreenshots": true,
        "inlineAssets": true,
        "saveAllAttempts": false,
        "overwrite": false,
        "html": false,
        "json": true,
        "reportDir": "cypress\\reports\\html\\.jsons"
      },
      "version": "6.2.0"
    }
  }
}