{
  "stats": {
    "suites": 3,
    "tests": 8,
    "passes": 3,
    "pending": 0,
    "failures": 5,
    "start": "2023-04-28T07:33:01.278Z",
    "end": "2023-04-28T07:34:18.189Z",
    "duration": 76911,
    "testsRegistered": 8,
    "passPercent": 37.5,
    "pendingPercent": 0,
    "other": 0,
    "hasOther": false,
    "skipped": 0,
    "hasSkipped": false
  },
  "results": [
    {
      "uuid": "d8291e1c-72d5-4d4a-a302-726c7a0d5694",
      "title": "",
      "fullFile": "cypress\\e2e\\0_archive MAIN\\assertions.cy.js",
      "file": "cypress\\e2e\\0_archive MAIN\\assertions.cy.js",
      "beforeHooks": [],
      "afterHooks": [],
      "tests": [],
      "suites": [
        {
          "uuid": "95989d4d-72fe-4133-a26c-a947f8ea5bf1",
          "title": "Implicit assertions",
          "fullFile": "",
          "file": "",
          "beforeHooks": [],
          "afterHooks": [],
          "tests": [
            {
              "title": "should load the cypress playground page",
              "fullTitle": "Implicit assertions should load the cypress playground page",
              "timedOut": null,
              "duration": 2441,
              "state": "failed",
              "speed": null,
              "pass": false,
              "fail": true,
              "pending": false,
              "context": "{\n  \"title\": \"cypress-mochawesome-reporter-screenshots\",\n  \"value\": [\n    [\n      {\n        \"title\": \"Failed screenshot\",\n        \"value\": \"\\\\0_archive MAIN\\\\assertions.cy.js\\\\Implicit assertions -- should load the cypress playground page (failed).png\"\n      }\n    ],\n    [\n      {\n        \"title\": \"Failed screenshot\",\n        \"value\": \"\\\\0_archive MAIN\\\\assertions.cy.js\\\\Implicit assertions -- should load the cypress playground page (failed) (attempt 2).png\"\n      }\n    ],\n    [\n      {\n        \"title\": \"Failed screenshot\",\n        \"value\": \"\\\\0_archive MAIN\\\\assertions.cy.js\\\\Implicit assertions -- should load the cypress playground page (failed) (attempt 3).png\"\n      }\n    ]\n  ]\n}",
              "code": "cy.visit(\"https://example.cypress.io/\", {\n  timeout: 10000\n});\ncy.url().should(\"include\", \"cypress\").and(\"eq\", \"https://example.cypress.io/\").and(\"contain\", \"cypress.io\");\ncy.title().should(\"not.include\", \"okawango\").and(\"not.eq\", \"bajobongo\");\ncy.get(\"h1\").contains(\"Kitchen Sink\").should(\"be.visible\");\ncy.get(\"h1\").contains(\"Kitchen Sink\").should(\"exist\");\ncy.xpath(\"//ul\").xpath(\"./li\").should(\"have.length\", 4);",
              "err": {
                "message": "Error: xpath() can only be called on a single element. Your subject contained 25 elements.",
                "estack": "Error: xpath() can only be called on a single element. Your subject contained 25 elements.\n    at Context.xpath (webpack:///./node_modules/@cypress/xpath/src/index.js:45:0)",
                "diff": null
              },
              "uuid": "b6d8d9ff-8414-4db4-82f4-7b69ea07bbe3",
              "parentUUID": "95989d4d-72fe-4133-a26c-a947f8ea5bf1",
              "isHook": false,
              "skipped": false
            },
            {
              "title": "should click on 'get' category",
              "fullTitle": "Implicit assertions should click on 'get' category",
              "timedOut": null,
              "duration": 5447,
              "state": "failed",
              "speed": null,
              "pass": false,
              "fail": true,
              "pending": false,
              "context": "{\n  \"title\": \"cypress-mochawesome-reporter-screenshots\",\n  \"value\": [\n    [\n      {\n        \"title\": \"Failed screenshot\",\n        \"value\": \"\\\\0_archive MAIN\\\\assertions.cy.js\\\\Implicit assertions -- should click on 'get' category (failed).png\"\n      }\n    ],\n    [\n      {\n        \"title\": \"Failed screenshot\",\n        \"value\": \"\\\\0_archive MAIN\\\\assertions.cy.js\\\\Implicit assertions -- should click on 'get' category (failed) (attempt 2).png\"\n      }\n    ],\n    [\n      {\n        \"title\": \"Failed screenshot\",\n        \"value\": \"\\\\0_archive MAIN\\\\assertions.cy.js\\\\Implicit assertions -- should click on 'get' category (failed) (attempt 3).png\"\n      }\n    ]\n  ]\n}",
              "code": "cy.contains('get').click();",
              "err": {
                "message": "AssertionError: Timed out retrying after 5000ms: Expected to find content: 'get' but never did.",
                "estack": "AssertionError: Timed out retrying after 5000ms: Expected to find content: 'get' but never did.\n    at Context.eval (webpack:///./cypress/e2e/0_archive MAIN/assertions.cy.js:20:11)",
                "diff": null
              },
              "uuid": "dfe681b9-788c-4164-a428-988fff56b1c9",
              "parentUUID": "95989d4d-72fe-4133-a26c-a947f8ea5bf1",
              "isHook": false,
              "skipped": false
            },
            {
              "title": "should click on button1",
              "fullTitle": "Implicit assertions should click on button1",
              "timedOut": null,
              "duration": 5540,
              "state": "failed",
              "speed": null,
              "pass": false,
              "fail": true,
              "pending": false,
              "context": "{\n  \"title\": \"cypress-mochawesome-reporter-screenshots\",\n  \"value\": [\n    [\n      {\n        \"title\": \"Failed screenshot\",\n        \"value\": \"\\\\0_archive MAIN\\\\assertions.cy.js\\\\Implicit assertions -- should click on button1 (failed).png\"\n      }\n    ],\n    [\n      {\n        \"title\": \"Failed screenshot\",\n        \"value\": \"\\\\0_archive MAIN\\\\assertions.cy.js\\\\Implicit assertions -- should click on button1 (failed) (attempt 2).png\"\n      }\n    ],\n    [\n      {\n        \"title\": \"Failed screenshot\",\n        \"value\": \"\\\\0_archive MAIN\\\\assertions.cy.js\\\\Implicit assertions -- should click on button1 (failed) (attempt 3).png\"\n      }\n    ]\n  ]\n}",
              "code": "cy.get('#query-btn').should(\"contain\", \"Button\").and(\"have.class\", \"query-btn btn btn-primary\")\n// .should(\"have.attr\")\n// .should(\"have.text\")\n// .should(\"have.html\")\n.and(\"be.visible\").and(\"be.enabled\");\n// .should(\"have.length\", 2)\n// .should(\"be.disabled\")\n// .should(\"be.selected\")\n// .should(\"be.focused\")\n// .should(\"have.focus\")\n// .should(\"be.empty\")",
              "err": {
                "message": "AssertionError: Timed out retrying after 5000ms: Expected to find element: `#query-btn`, but never found it.",
                "estack": "AssertionError: Timed out retrying after 5000ms: Expected to find element: `#query-btn`, but never found it.\n    at Context.eval (webpack:///./cypress/e2e/0_archive MAIN/assertions.cy.js:24:13)",
                "diff": null
              },
              "uuid": "c406dd81-1f1d-4699-bfd4-aa9015209ee2",
              "parentUUID": "95989d4d-72fe-4133-a26c-a947f8ea5bf1",
              "isHook": false,
              "skipped": false
            }
          ],
          "suites": [],
          "passes": [],
          "failures": [
            "b6d8d9ff-8414-4db4-82f4-7b69ea07bbe3",
            "dfe681b9-788c-4164-a428-988fff56b1c9",
            "c406dd81-1f1d-4699-bfd4-aa9015209ee2"
          ],
          "pending": [],
          "skipped": [],
          "duration": 13428,
          "root": false,
          "rootEmpty": false,
          "_timeout": 2000
        },
        {
          "uuid": "37d2cc87-f3cb-4a18-a91f-aafa8dca87ee",
          "title": "Explicit assertions (Udemy)",
          "fullFile": "",
          "file": "",
          "beforeHooks": [],
          "afterHooks": [],
          "tests": [
            {
              "title": "should load the cypress playground page",
              "fullTitle": "Explicit assertions (Udemy) should load the cypress playground page",
              "timedOut": null,
              "duration": 802,
              "state": "passed",
              "speed": "fast",
              "pass": true,
              "fail": false,
              "pending": false,
              "context": null,
              "code": "cy.visit(\"https://example.cypress.io/\", {\n  timeout: 10000\n});\ncy.url().should(\"include\", \"cypress\");\ncy.get(\"h1\").contains(\"Kitchen Sink\").should(\"be.visible\");",
              "err": {},
              "uuid": "251fc7b1-dab9-4ea9-be57-b831c1507fbd",
              "parentUUID": "37d2cc87-f3cb-4a18-a91f-aafa8dca87ee",
              "isHook": false,
              "skipped": false
            },
            {
              "title": "EXPECT assertions 1",
              "fullTitle": "Explicit assertions (Udemy) EXPECT assertions 1",
              "timedOut": null,
              "duration": 132,
              "state": "passed",
              "speed": "fast",
              "pass": true,
              "fail": false,
              "pending": false,
              "context": null,
              "code": "expect(true).to.be.true;\nexpect(false).to.be.false;\nexpect(true).to.equal(true);\nexpect(5).to.equal(5);\nexpect(true).to.be.equal(true);\nexpect(true).to.not.equal(false);\n// expect(true).to.be.true;\n// expect(false).to.be.false;\n// expect(true).to.be.a(\"string\");\n// expect(true).to.be.null;\n// expect(true).to.exist;\n// expect(true).not.exist;",
              "err": {},
              "uuid": "b7886221-5d88-49df-878c-ad57bf01d4b7",
              "parentUUID": "37d2cc87-f3cb-4a18-a91f-aafa8dca87ee",
              "isHook": false,
              "skipped": false
            },
            {
              "title": "ASSERT assertions",
              "fullTitle": "Explicit assertions (Udemy) ASSERT assertions",
              "timedOut": null,
              "duration": 578,
              "state": "failed",
              "speed": null,
              "pass": false,
              "fail": true,
              "pending": false,
              "context": "{\n  \"title\": \"cypress-mochawesome-reporter-screenshots\",\n  \"value\": [\n    [\n      {\n        \"title\": \"Failed screenshot\",\n        \"value\": \"\\\\0_archive MAIN\\\\assertions.cy.js\\\\Explicit assertions (Udemy) -- ASSERT assertions (failed).png\"\n      }\n    ],\n    [\n      {\n        \"title\": \"Failed screenshot\",\n        \"value\": \"\\\\0_archive MAIN\\\\assertions.cy.js\\\\Explicit assertions (Udemy) -- ASSERT assertions (failed) (attempt 2).png\"\n      }\n    ],\n    [\n      {\n        \"title\": \"Failed screenshot\",\n        \"value\": \"\\\\0_archive MAIN\\\\assertions.cy.js\\\\Explicit assertions (Udemy) -- ASSERT assertions (failed) (attempt 3).png\"\n      }\n    ]\n  ]\n}",
              "code": "assert.equal(4, 4, \"not equal 1\");\nassert.strictEqual(4, \"4\", \"not equal 2\");\n// assert.notEqual\n// assert.isAbove\n// assert.isBelow\n// assert.exists\n// assert.notExists\n// assert.true\n// assert.false\n// assert.isString\n// assert.isNotString\n// assert.isNumber\n// assert.isNotNumber",
              "err": {
                "message": "AssertionError: not equal 2: expected 4 to equal '4'",
                "estack": "AssertionError: not equal 2: expected 4 to equal '4'\n    at Context.eval (webpack:///./cypress/e2e/0_archive MAIN/assertions.cy.js:71:15)",
                "diff": "- 4\n+ '4'\n"
              },
              "uuid": "9bef9d4a-cd90-4dba-bded-31bbdfca5d09",
              "parentUUID": "37d2cc87-f3cb-4a18-a91f-aafa8dca87ee",
              "isHook": false,
              "skipped": false
            }
          ],
          "suites": [],
          "passes": [
            "251fc7b1-dab9-4ea9-be57-b831c1507fbd",
            "b7886221-5d88-49df-878c-ad57bf01d4b7"
          ],
          "failures": [
            "9bef9d4a-cd90-4dba-bded-31bbdfca5d09"
          ],
          "pending": [],
          "skipped": [],
          "duration": 1512,
          "root": false,
          "rootEmpty": false,
          "_timeout": 2000
        },
        {
          "uuid": "3aab9762-8e72-4773-89bc-6094f4bfbedd",
          "title": "Implicit assertions (SDET)",
          "fullFile": "",
          "file": "",
          "beforeHooks": [],
          "afterHooks": [],
          "tests": [
            {
              "title": "loading the page",
              "fullTitle": "Implicit assertions (SDET) loading the page",
              "timedOut": null,
              "duration": 2510,
              "state": "passed",
              "speed": "fast",
              "pass": true,
              "fail": false,
              "pending": false,
              "context": null,
              "code": "cy.visit(\"https://opensource-demo.orangehrmlive.com/web/index.php/auth/login\");\ncy.url().should(\"contain\", \"orangehrm\");",
              "err": {},
              "uuid": "b40a0d79-3953-4106-9b8e-2f3e11609501",
              "parentUUID": "3aab9762-8e72-4773-89bc-6094f4bfbedd",
              "isHook": false,
              "skipped": false
            },
            {
              "title": "providing username and password",
              "fullTitle": "Implicit assertions (SDET) providing username and password",
              "timedOut": null,
              "duration": 5528,
              "state": "failed",
              "speed": null,
              "pass": false,
              "fail": true,
              "pending": false,
              "context": "{\n  \"title\": \"cypress-mochawesome-reporter-screenshots\",\n  \"value\": [\n    [\n      {\n        \"title\": \"Failed screenshot\",\n        \"value\": \"\\\\0_archive MAIN\\\\assertions.cy.js\\\\Implicit assertions (SDET) -- providing username and password (failed).png\"\n      }\n    ],\n    [\n      {\n        \"title\": \"Failed screenshot\",\n        \"value\": \"\\\\0_archive MAIN\\\\assertions.cy.js\\\\Implicit assertions (SDET) -- providing username and password (failed) (attempt 2).png\"\n      }\n    ],\n    [\n      {\n        \"title\": \"Failed screenshot\",\n        \"value\": \"\\\\0_archive MAIN\\\\assertions.cy.js\\\\Implicit assertions (SDET) -- providing username and password (failed) (attempt 3).png\"\n      }\n    ]\n  ]\n}",
              "code": "cy.get(\"input[placeholder='Username']\").clear().type(\"Admin\");\ncy.get(\"input[placeholder='Password']\").clear().type(\"admin123\");\ncy.get(\"button[type='submit']\").click();\n// a function to check username display\nlet expectedName = \"xyz\";\ncy.get(\".oxd-userdropdown-name\").then(x => {\n  let actualName = x.text();\n  // BDD style assertions:\n  expect(actualName).to.equal(expectedName);\n  expect(actualName).to.not.equal(expectedName);\n  // TDD style assertions:\n  assert.equal(actualName, expectedName);\n  assert.notEqual(actualName, expectedName);\n});",
              "err": {
                "message": "AssertionError: Timed out retrying after 5000ms: Expected to find element: `input[placeholder='Username']`, but never found it.",
                "estack": "AssertionError: Timed out retrying after 5000ms: Expected to find element: `input[placeholder='Username']`, but never found it.\n    at Context.eval (webpack:///./cypress/e2e/0_archive MAIN/assertions.cy.js:98:11)",
                "diff": null
              },
              "uuid": "7120605c-31d2-4086-a716-a1babfa50144",
              "parentUUID": "3aab9762-8e72-4773-89bc-6094f4bfbedd",
              "isHook": false,
              "skipped": false
            }
          ],
          "suites": [],
          "passes": [
            "b40a0d79-3953-4106-9b8e-2f3e11609501"
          ],
          "failures": [
            "7120605c-31d2-4086-a716-a1babfa50144"
          ],
          "pending": [],
          "skipped": [],
          "duration": 8038,
          "root": false,
          "rootEmpty": false,
          "_timeout": 2000
        }
      ],
      "passes": [],
      "failures": [],
      "pending": [],
      "skipped": [],
      "duration": 0,
      "root": true,
      "rootEmpty": true,
      "_timeout": 2000
    }
  ],
  "meta": {
    "mocha": {
      "version": "7.0.1"
    },
    "mochawesome": {
      "options": {
        "quiet": false,
        "reportFilename": "mochawesome",
        "saveHtml": false,
        "saveJson": true,
        "consoleReporter": "spec",
        "useInlineDiffs": false,
        "code": true
      },
      "version": "7.1.3"
    },
    "marge": {
      "options": {
        "charts": true,
        "reportPageTitle": "my title",
        "embeddedScreenshots": true,
        "inlineAssets": true,
        "saveAllAttempts": false,
        "overwrite": false,
        "html": false,
        "json": true,
        "reportDir": "cypress\\reports\\html\\.jsons"
      },
      "version": "6.2.0"
    }
  }
}