{
  "stats": {
    "suites": 2,
    "tests": 4,
    "passes": 1,
    "pending": 4,
    "failures": -1,
    "start": "2023-04-28T07:37:00.885Z",
    "end": "2023-04-28T07:37:28.717Z",
    "duration": 27832,
    "testsRegistered": 7,
    "passPercent": 33.33333333333333,
    "pendingPercent": 57.14285714285714,
    "other": 3,
    "hasOther": true,
    "skipped": 0,
    "hasSkipped": false
  },
  "results": [
    {
      "uuid": "1f000318-6481-4756-ab8c-a403bb15141c",
      "title": "",
      "fullFile": "cypress\\e2e\\0_archive MAIN\\document,reade&writefile.cy.js",
      "file": "cypress\\e2e\\0_archive MAIN\\document,reade&writefile.cy.js",
      "beforeHooks": [],
      "afterHooks": [],
      "tests": [],
      "suites": [
        {
          "uuid": "83594642-e511-473f-a425-f23009cf49ab",
          "title": "title, contentType, charset",
          "fullFile": "",
          "file": "",
          "beforeHooks": [],
          "afterHooks": [],
          "tests": [
            {
              "title": "contentType + charset assertions",
              "fullTitle": "title, contentType, charset contentType + charset assertions",
              "timedOut": null,
              "duration": 2162,
              "state": "passed",
              "speed": "fast",
              "pass": true,
              "fail": false,
              "pending": false,
              "context": null,
              "code": "cy.document().its(\"contentType\").should(\"equal\", \"text/html\");\ncy.document().should(\"have.property\", \"charset\").and(\"equal\", \"UTF-8\");",
              "err": {},
              "uuid": "49a75440-a99d-4004-ac2b-ae2aecbf19bf",
              "parentUUID": "83594642-e511-473f-a425-f23009cf49ab",
              "isHook": false,
              "skipped": false
            },
            {
              "title": "title - with document object commands",
              "fullTitle": "title, contentType, charset title - with document object commands",
              "timedOut": null,
              "duration": 5507,
              "state": "failed",
              "speed": null,
              "pass": false,
              "fail": true,
              "pending": false,
              "context": "{\n  \"title\": \"cypress-mochawesome-reporter-screenshots\",\n  \"value\": [\n    [\n      {\n        \"title\": \"Failed screenshot\",\n        \"value\": \"\\\\0_archive MAIN\\\\document,reade&writefile.cy.js\\\\title, contentType, charset -- title - with document object commands (failed).png\"\n      }\n    ],\n    [\n      {\n        \"title\": \"Failed screenshot\",\n        \"value\": \"\\\\0_archive MAIN\\\\document,reade&writefile.cy.js\\\\title, contentType, charset -- title - with document object commands (failed) (attempt 2).png\"\n      }\n    ],\n    [\n      {\n        \"title\": \"Failed screenshot\",\n        \"value\": \"\\\\0_archive MAIN\\\\document,reade&writefile.cy.js\\\\title, contentType, charset -- title - with document object commands (failed) (attempt 3).png\"\n      }\n    ]\n  ]\n}",
              "code": "cy.document().then(doc => {\n  cy.log(doc);\n});\ncy.document().should(doc => {\n  const titleContent = doc.title;\n  expect(titleContent).to.equal(\"UI Test Automation Playground\");\n});",
              "err": {
                "message": "AssertionError: Timed out retrying after 5000ms: expected '' to equal 'UI Test Automation Playground'",
                "estack": "AssertionError: Timed out retrying after 5000ms: expected '' to equal 'UI Test Automation Playground'\n    at Context.eval (webpack:///./cypress/e2e/0_archive MAIN/document,reade&writefile.cy.js:21:36)",
                "diff": "+ 'UI Test Automation Playground'\n"
              },
              "uuid": "dc55b902-a33a-4c95-b264-682e01f169aa",
              "parentUUID": "83594642-e511-473f-a425-f23009cf49ab",
              "isHook": false,
              "skipped": false
            },
            {
              "title": "title - with direct cypress commands",
              "fullTitle": "title, contentType, charset title - with direct cypress commands",
              "timedOut": null,
              "duration": 526,
              "state": "failed",
              "speed": null,
              "pass": false,
              "fail": true,
              "pending": false,
              "context": "{\n  \"title\": \"cypress-mochawesome-reporter-screenshots\",\n  \"value\": [\n    [\n      {\n        \"title\": \"Failed screenshot\",\n        \"value\": \"\\\\0_archive MAIN\\\\document,reade&writefile.cy.js\\\\title, contentType, charset -- title - with direct cypress commands (failed).png\"\n      }\n    ],\n    [\n      {\n        \"title\": \"Failed screenshot\",\n        \"value\": \"\\\\0_archive MAIN\\\\document,reade&writefile.cy.js\\\\title, contentType, charset -- title - with direct cypress commands (failed) (attempt 2).png\"\n      }\n    ],\n    [\n      {\n        \"title\": \"Failed screenshot\",\n        \"value\": \"\\\\0_archive MAIN\\\\document,reade&writefile.cy.js\\\\title, contentType, charset -- title - with direct cypress commands (failed) (attempt 3).png\"\n      }\n    ]\n  ]\n}",
              "code": "cy.title().then(titleText => {\n  expect(titleText).to.eql(\"UI Test Automation Playground\");\n});\n// or just:\ncy.title().should(\"eq\", \"UI Test Automation Playground\");",
              "err": {
                "message": "AssertionError: expected '' to deeply equal 'UI Test Automation Playground'",
                "estack": "AssertionError: expected '' to deeply equal 'UI Test Automation Playground'\n    at Context.eval (webpack:///./cypress/e2e/0_archive MAIN/document,reade&writefile.cy.js:26:33)",
                "diff": "+ 'UI Test Automation Playground'\n"
              },
              "uuid": "7ff9f178-7716-4002-b36f-ff3bd2455383",
              "parentUUID": "83594642-e511-473f-a425-f23009cf49ab",
              "isHook": false,
              "skipped": false
            }
          ],
          "suites": [],
          "passes": [
            "49a75440-a99d-4004-ac2b-ae2aecbf19bf"
          ],
          "failures": [
            "dc55b902-a33a-4c95-b264-682e01f169aa",
            "7ff9f178-7716-4002-b36f-ff3bd2455383"
          ],
          "pending": [],
          "skipped": [],
          "duration": 8195,
          "root": false,
          "rootEmpty": false,
          "_timeout": 2000
        },
        {
          "uuid": "1c4365ea-b1e4-4b25-b0b6-12073a826edf",
          "title": "Write / Read data into JSON file / txt file",
          "fullFile": "",
          "file": "",
          "beforeHooks": [],
          "afterHooks": [],
          "tests": [
            {
              "title": "should write data into JSON file",
              "fullTitle": "Write / Read data into JSON file / txt file should write data into JSON file",
              "timedOut": null,
              "duration": 0,
              "state": "pending",
              "speed": null,
              "pass": false,
              "fail": false,
              "pending": true,
              "context": null,
              "code": "cy.writeFile(\"test.json\", {\n  name: \"Mike\",\n  age: 25\n});",
              "err": {},
              "uuid": "b9be7300-8ec1-49d3-88a5-e8f6a037566d",
              "parentUUID": "1c4365ea-b1e4-4b25-b0b6-12073a826edf",
              "isHook": false,
              "skipped": false
            },
            {
              "title": "should read & verify data from JSON file",
              "fullTitle": "Write / Read data into JSON file / txt file should read & verify data from JSON file",
              "timedOut": null,
              "duration": 0,
              "state": "pending",
              "speed": null,
              "pass": false,
              "fail": false,
              "pending": true,
              "context": null,
              "code": "cy.readFile(\"test.json\").its(\"age\").should(\"eq\", 25);",
              "err": {},
              "uuid": "c20562f4-50ba-4966-8235-d3a1fd79d376",
              "parentUUID": "1c4365ea-b1e4-4b25-b0b6-12073a826edf",
              "isHook": false,
              "skipped": false
            },
            {
              "title": "should write data into text file",
              "fullTitle": "Write / Read data into JSON file / txt file should write data into text file",
              "timedOut": null,
              "duration": 0,
              "state": "pending",
              "speed": null,
              "pass": false,
              "fail": false,
              "pending": true,
              "context": null,
              "code": "cy.writeFile(\"test.txt\", \"Hello World!\");",
              "err": {},
              "uuid": "d4596470-a876-4c47-ab69-6787e8c91118",
              "parentUUID": "1c4365ea-b1e4-4b25-b0b6-12073a826edf",
              "isHook": false,
              "skipped": false
            },
            {
              "title": "should read & verify data from txt file",
              "fullTitle": "Write / Read data into JSON file / txt file should read & verify data from txt file",
              "timedOut": null,
              "duration": 0,
              "state": "pending",
              "speed": null,
              "pass": false,
              "fail": false,
              "pending": true,
              "context": null,
              "code": "cy.readFile(\"test.txt\").should(\"eq\", \"Hello World!\");",
              "err": {},
              "uuid": "c407b968-d589-41fb-bae4-fc691a9820de",
              "parentUUID": "1c4365ea-b1e4-4b25-b0b6-12073a826edf",
              "isHook": false,
              "skipped": false
            }
          ],
          "suites": [],
          "passes": [],
          "failures": [],
          "pending": [
            "b9be7300-8ec1-49d3-88a5-e8f6a037566d",
            "c20562f4-50ba-4966-8235-d3a1fd79d376",
            "d4596470-a876-4c47-ab69-6787e8c91118",
            "c407b968-d589-41fb-bae4-fc691a9820de"
          ],
          "skipped": [],
          "duration": 0,
          "root": false,
          "rootEmpty": false,
          "_timeout": 2000
        }
      ],
      "passes": [],
      "failures": [],
      "pending": [],
      "skipped": [],
      "duration": 0,
      "root": true,
      "rootEmpty": true,
      "_timeout": 2000
    }
  ],
  "meta": {
    "mocha": {
      "version": "7.0.1"
    },
    "mochawesome": {
      "options": {
        "quiet": false,
        "reportFilename": "mochawesome",
        "saveHtml": false,
        "saveJson": true,
        "consoleReporter": "spec",
        "useInlineDiffs": false,
        "code": true
      },
      "version": "7.1.3"
    },
    "marge": {
      "options": {
        "charts": true,
        "reportPageTitle": "my title",
        "embeddedScreenshots": true,
        "inlineAssets": true,
        "saveAllAttempts": false,
        "overwrite": false,
        "html": false,
        "json": true,
        "reportDir": "cypress\\reports\\html\\.jsons"
      },
      "version": "6.2.0"
    }
  }
}