{
  "stats": {
    "suites": 1,
    "tests": 3,
    "passes": 0,
    "pending": 0,
    "failures": 3,
    "start": "2023-04-28T07:29:14.919Z",
    "end": "2023-04-28T07:30:36.936Z",
    "duration": 82017,
    "testsRegistered": 3,
    "passPercent": 0,
    "pendingPercent": 0,
    "other": 0,
    "hasOther": false,
    "skipped": 0,
    "hasSkipped": false
  },
  "results": [
    {
      "uuid": "724d9dfe-f2dd-431d-a7de-3b599ead79cb",
      "title": "",
      "fullFile": "cypress\\e2e\\0_archive MAIN\\aa2_basiccommands.cy.js",
      "file": "cypress\\e2e\\0_archive MAIN\\aa2_basiccommands.cy.js",
      "beforeHooks": [],
      "afterHooks": [],
      "tests": [],
      "suites": [
        {
          "uuid": "74f5f787-3a22-494c-b329-b0480b32da68",
          "title": "list of basic commands",
          "fullFile": "",
          "file": "",
          "beforeHooks": [],
          "afterHooks": [],
          "tests": [
            {
              "title": "BASIC",
              "fullTitle": "list of basic commands BASIC",
              "timedOut": null,
              "duration": 15107,
              "state": "failed",
              "speed": null,
              "pass": false,
              "fail": true,
              "pending": false,
              "context": "{\n  \"title\": \"cypress-mochawesome-reporter-screenshots\",\n  \"value\": [\n    [\n      {\n        \"title\": \"Failed screenshot\",\n        \"value\": \"\\\\0_archive MAIN\\\\aa2_basiccommands.cy.js\\\\list of basic commands -- BASIC (failed).png\"\n      }\n    ],\n    [\n      {\n        \"title\": \"Failed screenshot\",\n        \"value\": \"\\\\0_archive MAIN\\\\aa2_basiccommands.cy.js\\\\list of basic commands -- BASIC (failed) (attempt 2).png\"\n      }\n    ],\n    [\n      {\n        \"title\": \"Failed screenshot\",\n        \"value\": \"\\\\0_archive MAIN\\\\aa2_basiccommands.cy.js\\\\list of basic commands -- BASIC (failed) (attempt 3).png\"\n      }\n    ]\n  ]\n}",
              "code": "// URL, TITLE\ncy.visit(\"https://coding40.eu\", {\n  timeout: 10000\n});\ncy.url().should(\"include\", \"travel\");\ncy.title().should(\"eq\", \"Travel | Books to Scrape - Sandbox\");\n// SELECTORS\ncy.get(\"h1\").contains(\"Travel\").should(\"be.visible\"); // tag name\ncy.get(\"#promotions\").should(\"exist\"); // id\ncy.get(\"div#promotions\").should(\"exist\"); // tag name + id\ncy.get(\".instock\").should(\"be.visible\"); // class\ncy.get(\"p.instock\").should(\"be.visible\"); // tag name + class\ncy.get(\"[role='alert']\").should(\"be.visible\"); // attribute\ncy.get(\"div[role='alert']\").should(\"be.visible\"); // tag name + attribute\n// FIRST, LAST, EQ()\ncy.get(\"button\").first().click(); // first position in an array of buttons\ncy.get(\"button\").eq(1).click(); // second position in an array of buttons (etc.)\ncy.get(\"button\").last().click(); // last position in an array of buttons\n// FILTER\ncy.get(\".price_color\").filter(\":contains('£36.94')\").click(); // filters by attribute-value\n// FIND, PARENT\ncy.get(\".products > .product\").should(\"have.length\", 4); // without find()\ncy.get(\"ul\").find(\"li\").last().should(\"be.visible\"); // with find()\ncy.get(\"ul\").parent().should(\"have.class\", \"side_categories\"); // finds parents of elements\n// FIND vs WITHIN\ncy.get(\"div\").find(\"h1\").should(\"exist\"); // finds all h1's in the div\ncy.get(\"div\").within(() => {\n  // allows to act on multiple elements within an element, and run series of tests (find allows to run a single test only on a single element)\n  cy.get(\"h1\").should(\"exist\");\n  cy.get(\"p\").should(\"exist\");\n});\n// CONTAINS\ncy.contains(\"some button\").should(\"have.class\", \"btn-primary\");\ncy.get(\"button\").contains(\"some button\").click({\n  force: true\n}); // if invisible\n// PAUSE, WAIT\ncy.pause(); // used for debugging; can be chained;\ncy.debug(); // used for debugging; can be chained;\ncy.wait(3000);",
              "err": {
                "message": "AssertionError: Timed out retrying after 5000ms: expected 'https://coding40.eu/' to include 'travel'",
                "estack": "AssertionError: Timed out retrying after 5000ms: expected 'https://coding40.eu/' to include 'travel'\n    at Context.eval (webpack:///./cypress/e2e/0_archive MAIN/aa2_basiccommands.cy.js:30:13)",
                "diff": null
              },
              "uuid": "2d94c16d-9cbf-426e-bce8-24262790aed0",
              "parentUUID": "74f5f787-3a22-494c-b329-b0480b32da68",
              "isHook": false,
              "skipped": false
            },
            {
              "title": "VARIA",
              "fullTitle": "list of basic commands VARIA",
              "timedOut": null,
              "duration": 6831,
              "state": "failed",
              "speed": null,
              "pass": false,
              "fail": true,
              "pending": false,
              "context": "{\n  \"title\": \"cypress-mochawesome-reporter-screenshots\",\n  \"value\": [\n    [\n      {\n        \"title\": \"Screenshot\",\n        \"value\": \"\\\\0_archive MAIN\\\\aa2_basiccommands.cy.js\\\\list of basic commands -- VARIA.png\"\n      },\n      {\n        \"title\": \"Failed screenshot\",\n        \"value\": \"\\\\0_archive MAIN\\\\aa2_basiccommands.cy.js\\\\list of basic commands -- VARIA (failed).png\"\n      }\n    ],\n    [\n      {\n        \"title\": \"Screenshot\",\n        \"value\": \"\\\\0_archive MAIN\\\\aa2_basiccommands.cy.js\\\\list of basic commands -- VARIA (attempt 2).png\"\n      },\n      {\n        \"title\": \"Failed screenshot\",\n        \"value\": \"\\\\0_archive MAIN\\\\aa2_basiccommands.cy.js\\\\list of basic commands -- VARIA (failed) (attempt 2).png\"\n      }\n    ],\n    [\n      {\n        \"title\": \"Screenshot\",\n        \"value\": \"\\\\0_archive MAIN\\\\aa2_basiccommands.cy.js\\\\list of basic commands -- VARIA (attempt 3).png\"\n      },\n      {\n        \"title\": \"Failed screenshot\",\n        \"value\": \"\\\\0_archive MAIN\\\\aa2_basiccommands.cy.js\\\\list of basic commands -- VARIA (failed) (attempt 3).png\"\n      }\n    ]\n  ]\n}",
              "code": "cy.screenshot({\n  capture: \"fullPage\"\n});\ncy.get(\"h1\").contains(\"Travel\").screenshot();\ncy.get(\"a\").contains(\"Crime\").scrollIntoView();\ncy.wait(2000);\ncy.get(\"a\").contains(\"Travel\").scrollIntoView();\ncy.viewport(550, 750); // 2 arguments for the resolution, \"portrait\" mode is default\ncy.viewport(\"iphone-6\", \"landscape\"); // preset examples of the mobile devices, with \"landscape\" mode",
              "err": {
                "message": "AssertionError: Timed out retrying after 5000ms: Expected to find element: `h1`, but never found it.",
                "estack": "AssertionError: Timed out retrying after 5000ms: Expected to find element: `h1`, but never found it.\n    at Context.eval (webpack:///./cypress/e2e/0_archive MAIN/aa2_basiccommands.cy.js:76:7)",
                "diff": null
              },
              "uuid": "64a6e46b-c6f3-439b-9ab6-7be090259f13",
              "parentUUID": "74f5f787-3a22-494c-b329-b0480b32da68",
              "isHook": false,
              "skipped": false
            },
            {
              "title": "EACH",
              "fullTitle": "list of basic commands EACH",
              "timedOut": null,
              "duration": 5539,
              "state": "failed",
              "speed": null,
              "pass": false,
              "fail": true,
              "pending": false,
              "context": "{\n  \"title\": \"cypress-mochawesome-reporter-screenshots\",\n  \"value\": [\n    [\n      {\n        \"title\": \"Failed screenshot\",\n        \"value\": \"\\\\0_archive MAIN\\\\aa2_basiccommands.cy.js\\\\list of basic commands -- EACH (failed).png\"\n      }\n    ],\n    [\n      {\n        \"title\": \"Failed screenshot\",\n        \"value\": \"\\\\0_archive MAIN\\\\aa2_basiccommands.cy.js\\\\list of basic commands -- EACH (failed) (attempt 2).png\"\n      }\n    ],\n    [\n      {\n        \"title\": \"Failed screenshot\",\n        \"value\": \"\\\\0_archive MAIN\\\\aa2_basiccommands.cy.js\\\\list of basic commands -- EACH (failed) (attempt 3).png\"\n      }\n    ]\n  ]\n}",
              "code": "cy.get(\".products\").as(\"prods\");\ncy.get(\"@prods\").find(\".product\").each(($el, index, $elements) => {\n  let elementText = $el.find(\"h4.product-name\").text();\n  if (elementText.includes(\"Capsicum\")) {\n    $el.find(\"button\").click();\n  }\n});",
              "err": {
                "message": "AssertionError: Timed out retrying after 5000ms: Expected to find element: `.products`, but never found it.",
                "estack": "AssertionError: Timed out retrying after 5000ms: Expected to find element: `.products`, but never found it.\n    at Context.eval (webpack:///./cypress/e2e/0_archive MAIN/aa2_basiccommands.cy.js:89:7)",
                "diff": null
              },
              "uuid": "0efdcdc8-1ba4-4dad-9769-ec03ec3f8242",
              "parentUUID": "74f5f787-3a22-494c-b329-b0480b32da68",
              "isHook": false,
              "skipped": false
            }
          ],
          "suites": [],
          "passes": [],
          "failures": [
            "2d94c16d-9cbf-426e-bce8-24262790aed0",
            "64a6e46b-c6f3-439b-9ab6-7be090259f13",
            "0efdcdc8-1ba4-4dad-9769-ec03ec3f8242"
          ],
          "pending": [],
          "skipped": [],
          "duration": 27477,
          "root": false,
          "rootEmpty": false,
          "_timeout": 2000
        }
      ],
      "passes": [],
      "failures": [],
      "pending": [],
      "skipped": [],
      "duration": 0,
      "root": true,
      "rootEmpty": true,
      "_timeout": 2000
    }
  ],
  "meta": {
    "mocha": {
      "version": "7.0.1"
    },
    "mochawesome": {
      "options": {
        "quiet": false,
        "reportFilename": "mochawesome",
        "saveHtml": false,
        "saveJson": true,
        "consoleReporter": "spec",
        "useInlineDiffs": false,
        "code": true
      },
      "version": "7.1.3"
    },
    "marge": {
      "options": {
        "charts": true,
        "reportPageTitle": "my title",
        "embeddedScreenshots": true,
        "inlineAssets": true,
        "saveAllAttempts": false,
        "overwrite": false,
        "html": false,
        "json": true,
        "reportDir": "cypress\\reports\\html\\.jsons"
      },
      "version": "6.2.0"
    }
  }
}