{
  "stats": {
    "suites": 3,
    "tests": 4,
    "passes": 2,
    "pending": 4,
    "failures": -2,
    "start": "2023-04-28T07:37:37.943Z",
    "end": "2023-04-28T07:38:37.580Z",
    "duration": 59637,
    "testsRegistered": 7,
    "passPercent": 66.66666666666666,
    "pendingPercent": 57.14285714285714,
    "other": 3,
    "hasOther": true,
    "skipped": 0,
    "hasSkipped": false
  },
  "results": [
    {
      "uuid": "0bafe58f-6ac9-4e17-ae4d-43934efe441a",
      "title": "",
      "fullFile": "cypress\\e2e\\0_archive MAIN\\elements1_checks,radios,selects.cy.js",
      "file": "cypress\\e2e\\0_archive MAIN\\elements1_checks,radios,selects.cy.js",
      "beforeHooks": [],
      "afterHooks": [],
      "tests": [],
      "suites": [
        {
          "uuid": "8ee1bfc6-4a06-4fd6-9cf4-51bd59f64819",
          "title": "radiobuttons & checkboxes",
          "fullFile": "",
          "file": "",
          "beforeHooks": [],
          "afterHooks": [],
          "tests": [
            {
              "title": "checkboxes",
              "fullTitle": "radiobuttons & checkboxes checkboxes",
              "timedOut": null,
              "duration": 0,
              "state": "pending",
              "speed": null,
              "pass": false,
              "fail": false,
              "pending": true,
              "context": null,
              "code": "//sprawdzanie widoczności wszystkich checkboxów\ncy.get(\"input#monday\").should(\"be.visible\");\ncy.get(\"input#tuesday\").should(\"be.visible\");\ncy.get(\"input#wednesday\").should(\"be.visible\");\ncy.get(\"input#thursday\").should(\"be.visible\");\ncy.get(\"input#friday\").should(\"be.visible\");\ncy.get(\"input#saturday\").should(\"be.visible\");\ncy.get(\"input#sunday\").should(\"be.visible\");\n// cy.contains(\"You have selected\").should(\"be.visible\")\n// cy.get(\"#someElement\").should(\"have.text\", \"some text\")\n// wybieramy konkretny checkbox (check = click)\ncy.get(\"input#monday\").check().should(\"be.checked\"); // check({force: true}) if checkbox has css property display:none\ncy.wait(1500); // tylko żeby zobaczyć, że zaznaczone\n// odznaczamy ten sam checkbox (uncheck = click)\ncy.get(\"input#monday\").uncheck().should(\"not.be.checked\");\n// wybieramy wszystkie checkboxy po klasie\ncy.get(\"input.form-check-input[type='checkbox']\").check().should(\"be.checked\");\ncy.wait(1500); // tylko żeby zobaczyć, że zaznaczone\n// odznaczamy wszystkie checkboxy \ncy.get(\"input.form-check-input[type='checkbox']\").uncheck().should(\"not.be.checked\");\n// wybieramy tylko pierwszy / ostatni checkbox\n// znowu najpierw musimy pobrać wszystkie checkboxy po klasie\ncy.get(\"input.form-check-input[type='checkbox']\").first().check().should(\"be.checked\");\ncy.get(\"input.form-check-input[type='checkbox']\").last().check().should(\"be.checked\");\n// inny sposób na wybranie pierwszego i ostatniego (po indeksie)\ncy.get(\"input[type='checkbox']\").eq(0).should(\"be.checked\");\ncy.get(\"input[type='checkbox']\").eq(1).should(\"be.checked\");\n// i jeszcze inny, polegający na podaniu value:\ncy.get(\"input[type='checkbox']\").check([\"valueOfCheckbox\"]); // multiple allowed",
              "err": {},
              "uuid": "a1ad9f41-6b2d-4376-bdbf-d77b81d45b49",
              "parentUUID": "8ee1bfc6-4a06-4fd6-9cf4-51bd59f64819",
              "isHook": false,
              "skipped": false
            },
            {
              "title": "radiobuttons",
              "fullTitle": "radiobuttons & checkboxes radiobuttons",
              "timedOut": null,
              "duration": 0,
              "state": "pending",
              "speed": null,
              "pass": false,
              "fail": false,
              "pending": true,
              "context": null,
              "code": "// sprawdzamy widoczność wszystkich radiobuttonów \"gender\"\ncy.get(\"input#female\").should(\"be.visible\");\ncy.get(\"input#male\").should(\"be.visible\");\ncy.get(\"input#other\").should(\"be.visible\");\n// wybieramy konkretny radiobutton (check = click)\n// drugi radiobutton nie może być zaznaczony\ncy.get(\"input#female\").check().should(\"be.checked\");\ncy.get(\"input#male\").should(\"not.be.checked\");\n// i w drugą stronę\ncy.get(\"input#male\").check().should(\"be.checked\");\ncy.get(\"input#female\").should(\"not.be.checked\");",
              "err": {},
              "uuid": "b1b1f018-ac2d-4e05-a5ba-5638b68ca54a",
              "parentUUID": "8ee1bfc6-4a06-4fd6-9cf4-51bd59f64819",
              "isHook": false,
              "skipped": false
            }
          ],
          "suites": [],
          "passes": [],
          "failures": [],
          "pending": [
            "a1ad9f41-6b2d-4376-bdbf-d77b81d45b49",
            "b1b1f018-ac2d-4e05-a5ba-5638b68ca54a"
          ],
          "skipped": [],
          "duration": 0,
          "root": false,
          "rootEmpty": false,
          "_timeout": 2000
        },
        {
          "uuid": "9cfe24b8-d574-4ec2-9338-e2a7df84aee5",
          "title": "select boxes / dropdowns - static & dynamic",
          "fullFile": "",
          "file": "",
          "beforeHooks": [],
          "afterHooks": [],
          "tests": [
            {
              "title": "select boxes / dropdowns: STATIC",
              "fullTitle": "select boxes / dropdowns - static & dynamic select boxes / dropdowns: STATIC",
              "timedOut": null,
              "duration": 3766,
              "state": "passed",
              "speed": "fast",
              "pass": true,
              "fail": false,
              "pending": false,
              "context": null,
              "code": "cy.visit(\"https://devexpress.github.io/testcafe/example/\");\n// getting the select box and selecting something\ncy.get(\"select#preferred-interface\").select(\"Both\");\ncy.get(\"select#preferred-interface\").should(\"have.value\", \"Both\");\ncy.wait(2000);\ncy.get(\"select#preferred-interface\").select(\"JavaScript API\").should(\"have.value\", \"JavaScript API\");",
              "err": {},
              "uuid": "c39ff05c-7aab-4f14-9620-f9ed6ac30344",
              "parentUUID": "9cfe24b8-d574-4ec2-9338-e2a7df84aee5",
              "isHook": false,
              "skipped": false
            },
            {
              "title": "select boxes / dropdowns: DYNAMIC",
              "fullTitle": "select boxes / dropdowns - static & dynamic select boxes / dropdowns: DYNAMIC",
              "timedOut": null,
              "duration": 11259,
              "state": "passed",
              "speed": "slow",
              "pass": true,
              "fail": false,
              "pending": false,
              "context": null,
              "code": "cy.visit(\"https://rahulshettyacademy.com/AutomationPractice/\");\n// no select, no option tags, just input text with autocomplete feature\ncy.get(\"input#autocomplete[type='text']\").type(\"pol\");\n// after typing \"pol\" now we have 3 options displayed, from which we have to select \"Poland\"\n// we can do this statically: cy.get(\"ul#ui-id-1\").find(\"li\").eq(2).click()\n// but actually we don't know, wich position \"Poland\" will be in\n// so we use EACH() to iterate through li items and find a match\ncy.get(\"ul#ui-id-1\").find(\"li.ui-menu-item\").each(($item, index, $items) => {\n  let itemText = $item.text();\n  if (itemText == \"Poland\") {\n    $item.click();\n  }\n});\ncy.get(\"input#autocomplete[type='text']\").should(\"have.value\", \"Poland\");",
              "err": {},
              "uuid": "aa5715b7-f89f-4bb3-9265-fc88d2203861",
              "parentUUID": "9cfe24b8-d574-4ec2-9338-e2a7df84aee5",
              "isHook": false,
              "skipped": false
            }
          ],
          "suites": [],
          "passes": [
            "c39ff05c-7aab-4f14-9620-f9ed6ac30344",
            "aa5715b7-f89f-4bb3-9265-fc88d2203861"
          ],
          "failures": [],
          "pending": [],
          "skipped": [],
          "duration": 15025,
          "root": false,
          "rootEmpty": false,
          "_timeout": 2000
        },
        {
          "uuid": "728c4d9b-a322-4740-9b51-f14b3a112794",
          "title": "handle dropdowns",
          "fullFile": "",
          "file": "",
          "beforeHooks": [],
          "afterHooks": [],
          "tests": [
            {
              "title": "dropdown without select tag",
              "fullTitle": "handle dropdowns dropdown without select tag",
              "timedOut": null,
              "duration": 0,
              "state": "pending",
              "speed": null,
              "pass": false,
              "fail": false,
              "pending": true,
              "context": null,
              "code": "cy.visit(\"https://www.dummyticket.com/dummy-ticket-for-visa-application/\");\ncy.get(\"#select2-billing_country-container\").click();\ncy.get(\".select2-search__field\").type(\"Mexico {Enter}\");\ncy.get(\"#select2-billing_country-container\").should(\"have.text\", \"Mexico\");",
              "err": {},
              "uuid": "4a5235e3-fe6b-4b4d-a541-b1c6b9b6874e",
              "parentUUID": "728c4d9b-a322-4740-9b51-f14b3a112794",
              "isHook": false,
              "skipped": false
            },
            {
              "title": "dropdown with autosuggestion",
              "fullTitle": "handle dropdowns dropdown with autosuggestion",
              "timedOut": null,
              "duration": 0,
              "state": "pending",
              "speed": null,
              "pass": false,
              "fail": false,
              "pending": true,
              "context": null,
              "code": "cy.visit(\"https://www.wikipedia.org/\");\ncy.get(\"#searchInput\").click().type(\"tuvalu\");\ncy.get(\".suggestion-title\").should(\"have.length\", 6);\ncy.get(\".suggestion-highlight\").contains(\"Tuvalu\").click();\ncy.get('.mw-page-title-main').should(\"exist\");",
              "err": {},
              "uuid": "249ae1cb-d694-471d-82d7-6e0b0ae56623",
              "parentUUID": "728c4d9b-a322-4740-9b51-f14b3a112794",
              "isHook": false,
              "skipped": false
            },
            {
              "title": "dynamic dropdowns with function",
              "fullTitle": "handle dropdowns dynamic dropdowns with function",
              "timedOut": null,
              "duration": 6888,
              "state": "failed",
              "speed": null,
              "pass": false,
              "fail": true,
              "pending": false,
              "context": "{\n  \"title\": \"cypress-mochawesome-reporter-screenshots\",\n  \"value\": [\n    [\n      {\n        \"title\": \"Failed screenshot\",\n        \"value\": \"\\\\0_archive MAIN\\\\elements1_checks,radios,selects.cy.js\\\\handle dropdowns -- dynamic dropdowns with function (failed).png\"\n      }\n    ],\n    [\n      {\n        \"title\": \"Failed screenshot\",\n        \"value\": \"\\\\0_archive MAIN\\\\elements1_checks,radios,selects.cy.js\\\\handle dropdowns -- dynamic dropdowns with function (failed) (attempt 2).png\"\n      }\n    ],\n    [\n      {\n        \"title\": \"Failed screenshot\",\n        \"value\": \"\\\\0_archive MAIN\\\\elements1_checks,radios,selects.cy.js\\\\handle dropdowns -- dynamic dropdowns with function (failed) (attempt 3).png\"\n      }\n    ]\n  ]\n}",
              "code": "cy.visit(\"https://www.google.com/\");\ncy.get(\".gLFyf\").type(\"cypress automation\");\n// to give server some time to return all the suggestions\ncy.wait(3000);\ncy.get(\"div.wM6W7d>span\").should(\"have.length\", 11);\n// it's easier to go like this:\n// cy.get(\".div.wM6W7d>span\").contains(\"cypress automation tool\").click();\n// but is safer to do this by a function\ncy.get(\"div.wM6W7d>span\").each(($el, index, $list) => {\n  if ($el.text() == \"cypress automation tool\") {\n    cy.wrap($el).click();\n  }\n});\ncy.get(\".gLFyf\").should(\"have.value\", \"cypress automation tool\");",
              "err": {
                "message": "CypressError: Timed out retrying after 5000ms: `cy.type()` failed because this element:\n\n`<textarea class=\"gLFyf\" jsaction=\"paste:puy29d;\" id=\"APjFqb\" maxlength=\"2048\" name=\"q\" rows=\"1\" aria-activedescendant=\"\" aria-autocomplete=\"both\" aria-controls=\"Alh6id\" aria-expanded=\"false\" aria-haspopup=\"both\" aria-owns=\"Alh6id\" autocapitalize=\"off\" autocomplete=\"off\" autocorrect=\"off\" autofocus=\"\" role=\"combobox\" spellcheck=\"false\" title=\"Szukaj\" type=\"search\" value=\"\" aria-label=\"Szukaj\" data-ved=\"0ahUKEwiZ3oL4iMz-AhVUbKQEHcx-Dj8Q39UDCAQ\"></textarea>`\n\nis being covered by another element:\n\n`<ul class=\"dbXO9\">...</ul>`\n\nFix this problem, or use {force: true} to disable error checking.\n\nhttps://on.cypress.io/element-cannot-be-interacted-with",
                "estack": "CypressError: Timed out retrying after 5000ms: `cy.type()` failed because this element:\n\n`<textarea class=\"gLFyf\" jsaction=\"paste:puy29d;\" id=\"APjFqb\" maxlength=\"2048\" name=\"q\" rows=\"1\" aria-activedescendant=\"\" aria-autocomplete=\"both\" aria-controls=\"Alh6id\" aria-expanded=\"false\" aria-haspopup=\"both\" aria-owns=\"Alh6id\" autocapitalize=\"off\" autocomplete=\"off\" autocorrect=\"off\" autofocus=\"\" role=\"combobox\" spellcheck=\"false\" title=\"Szukaj\" type=\"search\" value=\"\" aria-label=\"Szukaj\" data-ved=\"0ahUKEwiZ3oL4iMz-AhVUbKQEHcx-Dj8Q39UDCAQ\"></textarea>`\n\nis being covered by another element:\n\n`<ul class=\"dbXO9\">...</ul>`\n\nFix this problem, or use {force: true} to disable error checking.\n\nhttps://on.cypress.io/element-cannot-be-interacted-with\n    at ensureIsDescendent (https://www.google.com/__cypress/runner/cypress_runner.js:130226:76)\n    at ensureDescendents (https://www.google.com/__cypress/runner/cypress_runner.js:130277:5)\n    at ensureDescendentsAndScroll (https://www.google.com/__cypress/runner/cypress_runner.js:130283:14)\n    at ensureElIsNotCovered (https://www.google.com/__cypress/runner/cypress_runner.js:130414:5)\n    at runAllChecks (https://www.google.com/__cypress/runner/cypress_runner.js:130594:52)\n    at retryActionability (https://www.google.com/__cypress/runner/cypress_runner.js:130631:16)\n    at tryCatcher (https://www.google.com/__cypress/runner/cypress_runner.js:8914:23)\n    at Promise.attempt.Promise.try (https://www.google.com/__cypress/runner/cypress_runner.js:6188:29)\n    at whenStable (https://www.google.com/__cypress/runner/cypress_runner.js:146742:65)\n    at <unknown> (https://www.google.com/__cypress/runner/cypress_runner.js:146183:14)\n    at tryCatcher (https://www.google.com/__cypress/runner/cypress_runner.js:8914:23)\n    at Promise._settlePromiseFromHandler (https://www.google.com/__cypress/runner/cypress_runner.js:6849:31)\n    at Promise._settlePromise (https://www.google.com/__cypress/runner/cypress_runner.js:6906:18)\n    at Promise._settlePromise0 (https://www.google.com/__cypress/runner/cypress_runner.js:6951:10)\n    at Promise._settlePromises (https://www.google.com/__cypress/runner/cypress_runner.js:7031:18)\n    at Promise._fulfill (https://www.google.com/__cypress/runner/cypress_runner.js:6975:18)\n    at <unknown> (https://www.google.com/__cypress/runner/cypress_runner.js:8589:46)\nFrom Your Spec Code:\n    at Context.eval (webpack:///./cypress/e2e/0_archive MAIN/elements1_checks,radios,selects.cy.js:132:29)",
                "diff": null
              },
              "uuid": "5a358d98-ef3d-4686-a727-acdf32000cca",
              "parentUUID": "728c4d9b-a322-4740-9b51-f14b3a112794",
              "isHook": false,
              "skipped": false
            }
          ],
          "suites": [],
          "passes": [],
          "failures": [
            "5a358d98-ef3d-4686-a727-acdf32000cca"
          ],
          "pending": [
            "4a5235e3-fe6b-4b4d-a541-b1c6b9b6874e",
            "249ae1cb-d694-471d-82d7-6e0b0ae56623"
          ],
          "skipped": [],
          "duration": 6888,
          "root": false,
          "rootEmpty": false,
          "_timeout": 2000
        }
      ],
      "passes": [],
      "failures": [],
      "pending": [],
      "skipped": [],
      "duration": 0,
      "root": true,
      "rootEmpty": true,
      "_timeout": 2000
    }
  ],
  "meta": {
    "mocha": {
      "version": "7.0.1"
    },
    "mochawesome": {
      "options": {
        "quiet": false,
        "reportFilename": "mochawesome",
        "saveHtml": false,
        "saveJson": true,
        "consoleReporter": "spec",
        "useInlineDiffs": false,
        "code": true
      },
      "version": "7.1.3"
    },
    "marge": {
      "options": {
        "charts": true,
        "reportPageTitle": "my title",
        "embeddedScreenshots": true,
        "inlineAssets": true,
        "saveAllAttempts": false,
        "overwrite": false,
        "html": false,
        "json": true,
        "reportDir": "cypress\\reports\\html\\.jsons"
      },
      "version": "6.2.0"
    }
  }
}