{
  "stats": {
    "suites": 2,
    "tests": 2,
    "passes": 2,
    "pending": 0,
    "failures": 0,
    "start": "2023-04-28T07:38:47.970Z",
    "end": "2023-04-28T07:39:03.963Z",
    "duration": 15993,
    "testsRegistered": 2,
    "passPercent": 100,
    "pendingPercent": 0,
    "other": 0,
    "hasOther": false,
    "skipped": 0,
    "hasSkipped": false
  },
  "results": [
    {
      "uuid": "84c68c19-3802-4b88-9ff7-86353c3ab2f8",
      "title": "",
      "fullFile": "cypress\\e2e\\0_archive MAIN\\elements2_accordions,date_pickers.cy.js",
      "file": "cypress\\e2e\\0_archive MAIN\\elements2_accordions,date_pickers.cy.js",
      "beforeHooks": [],
      "afterHooks": [],
      "tests": [],
      "suites": [
        {
          "uuid": "c9c43739-4945-432c-b5c3-a812261ca90b",
          "title": "ACCORDIONS",
          "fullFile": "",
          "file": "",
          "beforeHooks": [],
          "afterHooks": [],
          "tests": [
            {
              "title": "accordions",
              "fullTitle": "ACCORDIONS accordions",
              "timedOut": null,
              "duration": 5895,
              "state": "passed",
              "speed": "medium",
              "pass": true,
              "fail": false,
              "pending": false,
              "context": null,
              "code": "// upewniamy się, że kliknięty accordion element jest otwarty \ncy.get(\"#section2Heading\").click().next().should(\"have.class\", \"show\").and(\"have.css\", \"display\", \"block\");\ncy.get(\"#section1Heading\").next().should(\"have.class\", \"collapse\"); // upewniamy się, że pierwszy accordion element jest zamknięty\ncy.get(\"#section3Heading\").next().should(\"have.css\", \"display\", \"none\"); // upewniamy się, że trzeci accordion element jest zamknięty",
              "err": {},
              "uuid": "e419b749-b838-4233-aaf6-616d99188a84",
              "parentUUID": "c9c43739-4945-432c-b5c3-a812261ca90b",
              "isHook": false,
              "skipped": false
            }
          ],
          "suites": [],
          "passes": [
            "e419b749-b838-4233-aaf6-616d99188a84"
          ],
          "failures": [],
          "pending": [],
          "skipped": [],
          "duration": 5895,
          "root": false,
          "rootEmpty": false,
          "_timeout": 2000
        },
        {
          "uuid": "58a43ce4-1f07-4397-8a32-1fc6bdf3fe56",
          "title": "DATE PICKER",
          "fullFile": "",
          "file": "",
          "beforeHooks": [],
          "afterHooks": [],
          "tests": [
            {
              "title": "date picker",
              "fullTitle": "DATE PICKER date picker",
              "timedOut": null,
              "duration": 3960,
              "state": "passed",
              "speed": "fast",
              "pass": true,
              "fail": false,
              "pending": false,
              "context": null,
              "code": "cy.get(\"input#datePickerMonthYearInput\").click();\ncy.get(\"select.react-datepicker__month-select\").select(\"7\"); // or .select(\"August\")\ncy.get(\"select.react-datepicker__year-select\").select(\"1982\");\ncy.get(\"div.react-datepicker__month\").find(\"div\").contains(\"19\").click();\n/*\njako że cy.contains(\"19\") nie zadziała dobrze, bo szuka też np. roku 1919:\nanother approach to click on a certain day suggested by JoanMedia\nis to download a library from: \"https://testing-library.com/docs/cypress-testing-library/intro/\" to get acces to new commands, such as:\n  cy.findByText(\"19\")\n  */\ncy.get(\"input#datePickerMonthYearInput\").should(\"have.value\", \"08/19/1982\");",
              "err": {},
              "uuid": "c3a887bd-1b3e-469c-88ae-6567a795d05a",
              "parentUUID": "58a43ce4-1f07-4397-8a32-1fc6bdf3fe56",
              "isHook": false,
              "skipped": false
            }
          ],
          "suites": [],
          "passes": [
            "c3a887bd-1b3e-469c-88ae-6567a795d05a"
          ],
          "failures": [],
          "pending": [],
          "skipped": [],
          "duration": 3960,
          "root": false,
          "rootEmpty": false,
          "_timeout": 2000
        }
      ],
      "passes": [],
      "failures": [],
      "pending": [],
      "skipped": [],
      "duration": 0,
      "root": true,
      "rootEmpty": true,
      "_timeout": 2000
    }
  ],
  "meta": {
    "mocha": {
      "version": "7.0.1"
    },
    "mochawesome": {
      "options": {
        "quiet": false,
        "reportFilename": "mochawesome",
        "saveHtml": false,
        "saveJson": true,
        "consoleReporter": "spec",
        "useInlineDiffs": false,
        "code": true
      },
      "version": "7.1.3"
    },
    "marge": {
      "options": {
        "charts": true,
        "reportPageTitle": "my title",
        "embeddedScreenshots": true,
        "inlineAssets": true,
        "saveAllAttempts": false,
        "overwrite": false,
        "html": false,
        "json": true,
        "reportDir": "cypress\\reports\\html\\.jsons"
      },
      "version": "6.2.0"
    }
  }
}