{
  "stats": {
    "suites": 2,
    "tests": 7,
    "passes": 1,
    "pending": 2,
    "failures": 4,
    "start": "2023-04-28T07:39:12.087Z",
    "end": "2023-04-28T07:40:45.189Z",
    "duration": 93102,
    "testsRegistered": 8,
    "passPercent": 16.666666666666664,
    "pendingPercent": 25,
    "other": 1,
    "hasOther": true,
    "skipped": 0,
    "hasSkipped": false
  },
  "results": [
    {
      "uuid": "708b3e44-fb34-4dd0-b134-aa5d121a564a",
      "title": "",
      "fullFile": "cypress\\e2e\\0_archive MAIN\\environmentals,aliases.cy.js",
      "file": "cypress\\e2e\\0_archive MAIN\\environmentals,aliases.cy.js",
      "beforeHooks": [],
      "afterHooks": [],
      "tests": [],
      "suites": [
        {
          "uuid": "11946492-f3b7-40b6-a313-f918686eca00",
          "title": "Environmental Variables",
          "fullFile": "",
          "file": "",
          "beforeHooks": [],
          "afterHooks": [],
          "tests": [
            {
              "title": "should load the page",
              "fullTitle": "Environmental Variables should load the page",
              "timedOut": null,
              "duration": 0,
              "state": "pending",
              "speed": null,
              "pass": false,
              "fail": false,
              "pending": true,
              "context": null,
              "code": "cy.log(Cypress.env(\"demoVariable\"));",
              "err": {},
              "uuid": "6afcff33-da52-47cc-b14a-0fb8d4c921e9",
              "parentUUID": "11946492-f3b7-40b6-a313-f918686eca00",
              "isHook": false,
              "skipped": false
            },
            {
              "title": "hamburger menu should be visible on mobile only",
              "fullTitle": "Environmental Variables hamburger menu should be visible on mobile only",
              "timedOut": null,
              "duration": 0,
              "state": "pending",
              "speed": null,
              "pass": false,
              "fail": false,
              "pending": true,
              "context": null,
              "code": "cy.visit(`${Cypress.env(\"demoWebsite\")}/angularjs-protractor-practice-site/`);\ncy.get(\".mobile_menu_toggler\").should(\"not.exist\");\ncy.viewport(300, 400);\ncy.get(\"#mobile_menu_toggler\").should(\"be.visible\");\ncy.get(\"#mobile_menu_toggler\").click(); // dblclick() or rightclick()\ncy.get('#mobile_menu > :nth-child(1) > .menu-item-home > a').should(\"be.visible\");",
              "err": {},
              "uuid": "4b00ec5a-6bc8-4ac5-a39d-8041651a17f3",
              "parentUUID": "11946492-f3b7-40b6-a313-f918686eca00",
              "isHook": false,
              "skipped": false
            }
          ],
          "suites": [],
          "passes": [],
          "failures": [],
          "pending": [
            "6afcff33-da52-47cc-b14a-0fb8d4c921e9",
            "4b00ec5a-6bc8-4ac5-a39d-8041651a17f3"
          ],
          "skipped": [],
          "duration": 0,
          "root": false,
          "rootEmpty": false,
          "_timeout": 2000
        },
        {
          "uuid": "cb3dd502-be50-4411-82fa-f5d36f34f49f",
          "title": "Login with aliases",
          "fullFile": "",
          "file": "",
          "beforeHooks": [],
          "afterHooks": [],
          "tests": [
            {
              "title": "should load the page",
              "fullTitle": "Login with aliases should load the page",
              "timedOut": null,
              "duration": 2300,
              "state": "passed",
              "speed": "fast",
              "pass": true,
              "fail": false,
              "pending": false,
              "context": null,
              "code": "cy.visit(\"http://zero.webappsecurity.com/login.html\", {\n  timeout: 10000\n});\ncy.url().should(\"include\", \"login.html\");\ncy.get(\"h3\").contains(\"Log in to ZeroBank\").should(\"be.visible\");",
              "err": {},
              "uuid": "cd1f5433-b9f1-47d8-a9f1-68e28b96bb89",
              "parentUUID": "cb3dd502-be50-4411-82fa-f5d36f34f49f",
              "isHook": false,
              "skipped": false
            },
            {
              "title": "should fill username",
              "fullTitle": "Login with aliases should fill username",
              "timedOut": null,
              "duration": 5535,
              "state": "failed",
              "speed": null,
              "pass": false,
              "fail": true,
              "pending": false,
              "context": "{\n  \"title\": \"cypress-mochawesome-reporter-screenshots\",\n  \"value\": [\n    [\n      {\n        \"title\": \"Failed screenshot\",\n        \"value\": \"\\\\0_archive MAIN\\\\environmentals,aliases.cy.js\\\\Login with aliases -- should fill username (failed).png\"\n      }\n    ],\n    [\n      {\n        \"title\": \"Failed screenshot\",\n        \"value\": \"\\\\0_archive MAIN\\\\environmentals,aliases.cy.js\\\\Login with aliases -- should fill username (failed) (attempt 2).png\"\n      }\n    ],\n    [\n      {\n        \"title\": \"Failed screenshot\",\n        \"value\": \"\\\\0_archive MAIN\\\\environmentals,aliases.cy.js\\\\Login with aliases -- should fill username (failed) (attempt 3).png\"\n      }\n    ]\n  ]\n}",
              "code": "cy.get(\"#user_login\").as(\"username\"); // 1st alias\ncy.get(\"@username\").clear();\ncy.get(\"@username\").type(\"ghcghch\", {\n  delay: 100\n});",
              "err": {
                "message": "AssertionError: Timed out retrying after 5000ms: Expected to find element: `#user_login`, but never found it.",
                "estack": "AssertionError: Timed out retrying after 5000ms: Expected to find element: `#user_login`, but never found it.\n    at Context.eval (webpack:///./cypress/e2e/0_archive MAIN/environmentals,aliases.cy.js:39:11)",
                "diff": null
              },
              "uuid": "cf976386-6a8c-43aa-a123-547339dfc470",
              "parentUUID": "cb3dd502-be50-4411-82fa-f5d36f34f49f",
              "isHook": false,
              "skipped": false
            },
            {
              "title": "should fill password",
              "fullTitle": "Login with aliases should fill password",
              "timedOut": null,
              "duration": 5545,
              "state": "failed",
              "speed": null,
              "pass": false,
              "fail": true,
              "pending": false,
              "context": "{\n  \"title\": \"cypress-mochawesome-reporter-screenshots\",\n  \"value\": [\n    [\n      {\n        \"title\": \"Failed screenshot\",\n        \"value\": \"\\\\0_archive MAIN\\\\environmentals,aliases.cy.js\\\\Login with aliases -- should fill password (failed).png\"\n      }\n    ],\n    [\n      {\n        \"title\": \"Failed screenshot\",\n        \"value\": \"\\\\0_archive MAIN\\\\environmentals,aliases.cy.js\\\\Login with aliases -- should fill password (failed) (attempt 2).png\"\n      }\n    ],\n    [\n      {\n        \"title\": \"Failed screenshot\",\n        \"value\": \"\\\\0_archive MAIN\\\\environmentals,aliases.cy.js\\\\Login with aliases -- should fill password (failed) (attempt 3).png\"\n      }\n    ]\n  ]\n}",
              "code": "cy.get(\"#user_password\").as(\"password\"); // 2nd alias\ncy.get(\"@password\").clear();\ncy.get(\"@password\").type(\"sdgdfhfghgfhnvbjh\", {\n  delay: 100\n});",
              "err": {
                "message": "AssertionError: Timed out retrying after 5000ms: Expected to find element: `#user_password`, but never found it.",
                "estack": "AssertionError: Timed out retrying after 5000ms: Expected to find element: `#user_password`, but never found it.\n    at Context.eval (webpack:///./cypress/e2e/0_archive MAIN/environmentals,aliases.cy.js:44:11)",
                "diff": null
              },
              "uuid": "1be19b68-65c7-45f7-8ae2-d61af441b9f8",
              "parentUUID": "cb3dd502-be50-4411-82fa-f5d36f34f49f",
              "isHook": false,
              "skipped": false
            },
            {
              "title": "should mark the 'Keep me signed in' checkbox",
              "fullTitle": "Login with aliases should mark the 'Keep me signed in' checkbox",
              "timedOut": null,
              "duration": 5547,
              "state": "failed",
              "speed": null,
              "pass": false,
              "fail": true,
              "pending": false,
              "context": "{\n  \"title\": \"cypress-mochawesome-reporter-screenshots\",\n  \"value\": [\n    [\n      {\n        \"title\": \"Failed screenshot\",\n        \"value\": \"\\\\0_archive MAIN\\\\environmentals,aliases.cy.js\\\\Login with aliases -- should mark the 'Keep me signed in' checkbox (failed).png\"\n      }\n    ],\n    [\n      {\n        \"title\": \"Failed screenshot\",\n        \"value\": \"\\\\0_archive MAIN\\\\environmentals,aliases.cy.js\\\\Login with aliases -- should mark the 'Keep me signed in' checkbox (failed) (attempt 2).png\"\n      }\n    ],\n    [\n      {\n        \"title\": \"Failed screenshot\",\n        \"value\": \"\\\\0_archive MAIN\\\\environmentals,aliases.cy.js\\\\Login with aliases -- should mark the 'Keep me signed in' checkbox (failed) (attempt 3).png\"\n      }\n    ]\n  ]\n}",
              "code": "cy.get(\"input[type='checkbox']\").click();",
              "err": {
                "message": "AssertionError: Timed out retrying after 5000ms: Expected to find element: `input[type='checkbox']`, but never found it.",
                "estack": "AssertionError: Timed out retrying after 5000ms: Expected to find element: `input[type='checkbox']`, but never found it.\n    at Context.eval (webpack:///./cypress/e2e/0_archive MAIN/environmentals,aliases.cy.js:49:11)",
                "diff": null
              },
              "uuid": "b06d6038-85c6-4f9d-9d61-a711d40ab2e9",
              "parentUUID": "cb3dd502-be50-4411-82fa-f5d36f34f49f",
              "isHook": false,
              "skipped": false
            },
            {
              "title": "should submit the login form",
              "fullTitle": "Login with aliases should submit the login form",
              "timedOut": null,
              "duration": 5612,
              "state": "failed",
              "speed": null,
              "pass": false,
              "fail": true,
              "pending": false,
              "context": "{\n  \"title\": \"cypress-mochawesome-reporter-screenshots\",\n  \"value\": [\n    [\n      {\n        \"title\": \"Failed screenshot\",\n        \"value\": \"\\\\0_archive MAIN\\\\environmentals,aliases.cy.js\\\\Login with aliases -- should submit the login form (failed).png\"\n      }\n    ],\n    [\n      {\n        \"title\": \"Failed screenshot\",\n        \"value\": \"\\\\0_archive MAIN\\\\environmentals,aliases.cy.js\\\\Login with aliases -- should submit the login form (failed) (attempt 2).png\"\n      }\n    ],\n    [\n      {\n        \"title\": \"Failed screenshot\",\n        \"value\": \"\\\\0_archive MAIN\\\\environmentals,aliases.cy.js\\\\Login with aliases -- should submit the login form (failed) (attempt 3).png\"\n      }\n    ]\n  ]\n}",
              "code": "cy.contains(\"Sign in\").click();",
              "err": {
                "message": "AssertionError: Timed out retrying after 5000ms: Expected to find content: 'Sign in' but never did.",
                "estack": "AssertionError: Timed out retrying after 5000ms: Expected to find content: 'Sign in' but never did.\n    at Context.eval (webpack:///./cypress/e2e/0_archive MAIN/environmentals,aliases.cy.js:52:11)",
                "diff": null
              },
              "uuid": "342ef8b3-43be-4d24-b60c-a760386b060d",
              "parentUUID": "cb3dd502-be50-4411-82fa-f5d36f34f49f",
              "isHook": false,
              "skipped": false
            },
            {
              "title": "should display error message",
              "fullTitle": "Login with aliases should display error message",
              "timedOut": null,
              "duration": 5517,
              "state": "failed",
              "speed": null,
              "pass": false,
              "fail": true,
              "pending": false,
              "context": "{\n  \"title\": \"cypress-mochawesome-reporter-screenshots\",\n  \"value\": [\n    [\n      {\n        \"title\": \"Failed screenshot\",\n        \"value\": \"\\\\0_archive MAIN\\\\environmentals,aliases.cy.js\\\\Login with aliases -- should display error message (failed).png\"\n      }\n    ],\n    [\n      {\n        \"title\": \"Failed screenshot\",\n        \"value\": \"\\\\0_archive MAIN\\\\environmentals,aliases.cy.js\\\\Login with aliases -- should display error message (failed) (attempt 2).png\"\n      }\n    ],\n    [\n      {\n        \"title\": \"Failed screenshot\",\n        \"value\": \"\\\\0_archive MAIN\\\\environmentals,aliases.cy.js\\\\Login with aliases -- should display error message (failed) (attempt 3).png\"\n      }\n    ]\n  ]\n}",
              "code": "cy.get(\".alert\").should(\"be.visible\").and(\"contain\", \"wrong\");",
              "err": {
                "message": "AssertionError: Timed out retrying after 5000ms: Expected to find element: `.alert`, but never found it.",
                "estack": "AssertionError: Timed out retrying after 5000ms: Expected to find element: `.alert`, but never found it.\n    at Context.eval (webpack:///./cypress/e2e/0_archive MAIN/environmentals,aliases.cy.js:56:13)",
                "diff": null
              },
              "uuid": "9c0fb525-484a-430d-a2a0-6b8245956aad",
              "parentUUID": "cb3dd502-be50-4411-82fa-f5d36f34f49f",
              "isHook": false,
              "skipped": false
            }
          ],
          "suites": [],
          "passes": [
            "cd1f5433-b9f1-47d8-a9f1-68e28b96bb89"
          ],
          "failures": [
            "cf976386-6a8c-43aa-a123-547339dfc470",
            "1be19b68-65c7-45f7-8ae2-d61af441b9f8",
            "b06d6038-85c6-4f9d-9d61-a711d40ab2e9",
            "342ef8b3-43be-4d24-b60c-a760386b060d",
            "9c0fb525-484a-430d-a2a0-6b8245956aad"
          ],
          "pending": [],
          "skipped": [],
          "duration": 30056,
          "root": false,
          "rootEmpty": false,
          "_timeout": 2000
        }
      ],
      "passes": [],
      "failures": [],
      "pending": [],
      "skipped": [],
      "duration": 0,
      "root": true,
      "rootEmpty": true,
      "_timeout": 2000
    }
  ],
  "meta": {
    "mocha": {
      "version": "7.0.1"
    },
    "mochawesome": {
      "options": {
        "quiet": false,
        "reportFilename": "mochawesome",
        "saveHtml": false,
        "saveJson": true,
        "consoleReporter": "spec",
        "useInlineDiffs": false,
        "code": true
      },
      "version": "7.1.3"
    },
    "marge": {
      "options": {
        "charts": true,
        "reportPageTitle": "my title",
        "embeddedScreenshots": true,
        "inlineAssets": true,
        "saveAllAttempts": false,
        "overwrite": false,
        "html": false,
        "json": true,
        "reportDir": "cypress\\reports\\html\\.jsons"
      },
      "version": "6.2.0"
    }
  }
}