{
  "stats": {
    "suites": 1,
    "tests": 1,
    "passes": 0,
    "pending": 4,
    "failures": -3,
    "start": "2023-04-28T07:36:52.245Z",
    "end": "2023-04-28T07:36:52.330Z",
    "duration": 85,
    "testsRegistered": 4,
    "passPercent": null,
    "pendingPercent": 100,
    "other": 3,
    "hasOther": true,
    "skipped": 0,
    "hasSkipped": false
  },
  "results": [
    {
      "uuid": "a43be9a1-88f3-41d5-a20a-627e111b58f2",
      "title": "",
      "fullFile": "cypress\\e2e\\0_archive MAIN\\custom commands.cy.js",
      "file": "cypress\\e2e\\0_archive MAIN\\custom commands.cy.js",
      "beforeHooks": [],
      "afterHooks": [],
      "tests": [],
      "suites": [
        {
          "uuid": "32ad3ec5-00d4-4c3f-8448-09a8f0df629e",
          "title": "Login with custom commands",
          "fullFile": "",
          "file": "",
          "beforeHooks": [],
          "afterHooks": [],
          "tests": [
            {
              "title": "should load the page with a custom command",
              "fullTitle": "Login with custom commands should load the page with a custom command",
              "timedOut": null,
              "duration": 0,
              "state": "pending",
              "speed": null,
              "pass": false,
              "fail": false,
              "pending": true,
              "context": null,
              "code": "cy.myvisit(\"http://zero.webappsecurity.com/\", \"webappsecurity\", \"a.brand\");",
              "err": {},
              "uuid": "a9b2aa86-3e62-4ca7-b767-364be9d383f8",
              "parentUUID": "32ad3ec5-00d4-4c3f-8448-09a8f0df629e",
              "isHook": false,
              "skipped": false
            },
            {
              "title": "should load the login form",
              "fullTitle": "Login with custom commands should load the login form",
              "timedOut": null,
              "duration": 0,
              "state": "pending",
              "speed": null,
              "pass": false,
              "fail": false,
              "pending": true,
              "context": null,
              "code": "cy.get(\"#signin_button\").click();",
              "err": {},
              "uuid": "286f0f2f-1c7e-4fc6-9c2b-0c932298c5e0",
              "parentUUID": "32ad3ec5-00d4-4c3f-8448-09a8f0df629e",
              "isHook": false,
              "skipped": false
            },
            {
              "title": "should login with a custom commands",
              "fullTitle": "Login with custom commands should login with a custom commands",
              "timedOut": null,
              "duration": 0,
              "state": "pending",
              "speed": null,
              "pass": false,
              "fail": false,
              "pending": true,
              "context": null,
              "code": "cy.mylogin(\"username\", \"password\");\ncy.contains(\"username\").should(\"be.visible\");",
              "err": {},
              "uuid": "68af7015-d094-416c-a317-fd5ad02eaf67",
              "parentUUID": "32ad3ec5-00d4-4c3f-8448-09a8f0df629e",
              "isHook": false,
              "skipped": false
            },
            {
              "title": "should logout",
              "fullTitle": "Login with custom commands should logout",
              "timedOut": null,
              "duration": 0,
              "state": "pending",
              "speed": null,
              "pass": false,
              "fail": false,
              "pending": true,
              "context": null,
              "code": "cy.contains(\"username\").click();\ncy.contains(\"Logout\").click();\ncy.contains(\"Signin\").should(\"be.visible\");",
              "err": {},
              "uuid": "e6e6aa1e-6363-4a86-b72c-5eebbf206041",
              "parentUUID": "32ad3ec5-00d4-4c3f-8448-09a8f0df629e",
              "isHook": false,
              "skipped": false
            }
          ],
          "suites": [],
          "passes": [],
          "failures": [],
          "pending": [
            "a9b2aa86-3e62-4ca7-b767-364be9d383f8",
            "286f0f2f-1c7e-4fc6-9c2b-0c932298c5e0",
            "68af7015-d094-416c-a317-fd5ad02eaf67",
            "e6e6aa1e-6363-4a86-b72c-5eebbf206041"
          ],
          "skipped": [],
          "duration": 0,
          "root": false,
          "rootEmpty": false,
          "_timeout": 2000
        }
      ],
      "passes": [],
      "failures": [],
      "pending": [],
      "skipped": [],
      "duration": 0,
      "root": true,
      "rootEmpty": true,
      "_timeout": 2000
    }
  ],
  "meta": {
    "mocha": {
      "version": "7.0.1"
    },
    "mochawesome": {
      "options": {
        "quiet": false,
        "reportFilename": "mochawesome",
        "saveHtml": false,
        "saveJson": true,
        "consoleReporter": "spec",
        "useInlineDiffs": false,
        "code": true
      },
      "version": "7.1.3"
    },
    "marge": {
      "options": {
        "charts": true,
        "reportPageTitle": "my title",
        "embeddedScreenshots": true,
        "inlineAssets": true,
        "saveAllAttempts": false,
        "overwrite": false,
        "html": false,
        "json": true,
        "reportDir": "cypress\\reports\\html\\.jsons"
      },
      "version": "6.2.0"
    }
  }
}